{"/Users/carl/code/knight/app/apollo/initApollo.js": {"path":"/Users/carl/code/knight/app/apollo/initApollo.js","statementMap":{"0":{"start":{"line":5,"column":19},"end":{"line":5,"column":23}},"1":{"start":{"line":8,"column":0},"end":{"line":10,"column":1}},"2":{"start":{"line":9,"column":2},"end":{"line":9,"column":22}},"3":{"start":{"line":13,"column":2},"end":{"line":23,"column":4}},"4":{"start":{"line":29,"column":2},"end":{"line":31,"column":3}},"5":{"start":{"line":30,"column":4},"end":{"line":30,"column":31}},"6":{"start":{"line":34,"column":2},"end":{"line":36,"column":3}},"7":{"start":{"line":35,"column":4},"end":{"line":35,"column":39}},"8":{"start":{"line":38,"column":2},"end":{"line":38,"column":21}}},"fnMap":{"0":{"name":"create","decl":{"start":{"line":12,"column":9},"end":{"line":12,"column":15}},"loc":{"start":{"line":12,"column":31},"end":{"line":24,"column":1}},"line":12},"1":{"name":"initApollo","decl":{"start":{"line":26,"column":24},"end":{"line":26,"column":34}},"loc":{"start":{"line":26,"column":50},"end":{"line":39,"column":1}},"line":26}},"branchMap":{"0":{"loc":{"start":{"line":8,"column":0},"end":{"line":10,"column":1}},"type":"if","locations":[{"start":{"line":8,"column":0},"end":{"line":10,"column":1}},{"start":{"line":8,"column":0},"end":{"line":10,"column":1}}],"line":8},"1":{"loc":{"start":{"line":29,"column":2},"end":{"line":31,"column":3}},"type":"if","locations":[{"start":{"line":29,"column":2},"end":{"line":31,"column":3}},{"start":{"line":29,"column":2},"end":{"line":31,"column":3}}],"line":29},"2":{"loc":{"start":{"line":34,"column":2},"end":{"line":36,"column":3}},"type":"if","locations":[{"start":{"line":34,"column":2},"end":{"line":36,"column":3}},{"start":{"line":34,"column":2},"end":{"line":36,"column":3}}],"line":34}},"s":{"0":1,"1":1,"2":1,"3":2,"4":2,"5":2,"6":0,"7":0,"8":0},"f":{"0":2,"1":2},"b":{"0":[1,0],"1":[2,0],"2":[0,0]},"_coverageSchema":"332fd63041d2c1bcb487cc26dd0d5f7d97098a6c","hash":"c4edfe0eac243699fa512fb82490110833421698"}
,"/Users/carl/code/knight/app/apollo/withData.js": {"path":"/Users/carl/code/knight/app/apollo/withData.js","statementMap":{"0":{"start":{"line":9,"column":2},"end":{"line":9,"column":61}},"1":{"start":{"line":13,"column":2},"end":{"line":79,"column":3}},"2":{"start":{"line":20,"column":24},"end":{"line":20,"column":26}},"3":{"start":{"line":23,"column":33},"end":{"line":23,"column":35}},"4":{"start":{"line":24,"column":6},"end":{"line":26,"column":7}},"5":{"start":{"line":25,"column":8},"end":{"line":25,"column":75}},"6":{"start":{"line":30,"column":6},"end":{"line":59,"column":7}},"7":{"start":{"line":31,"column":23},"end":{"line":31,"column":35}},"8":{"start":{"line":33,"column":20},"end":{"line":33,"column":62}},"9":{"start":{"line":34,"column":8},"end":{"line":45,"column":9}},"10":{"start":{"line":36,"column":10},"end":{"line":40,"column":11}},"11":{"start":{"line":48,"column":8},"end":{"line":48,"column":21}},"12":{"start":{"line":51,"column":22},"end":{"line":51,"column":46}},"13":{"start":{"line":53,"column":8},"end":{"line":58,"column":9}},"14":{"start":{"line":61,"column":6},"end":{"line":64,"column":7}},"15":{"start":{"line":68,"column":6},"end":{"line":68,"column":18}},"16":{"start":{"line":69,"column":6},"end":{"line":69,"column":54}},"17":{"start":{"line":73,"column":6},"end":{"line":77,"column":7}}},"fnMap":{"0":{"name":"getComponentDisplayName","decl":{"start":{"line":8,"column":9},"end":{"line":8,"column":32}},"loc":{"start":{"line":8,"column":45},"end":{"line":10,"column":1}},"line":8},"1":{"name":"(anonymous_1)","decl":{"start":{"line":12,"column":15},"end":{"line":12,"column":16}},"loc":{"start":{"line":12,"column":36},"end":{"line":80,"column":1}},"line":12},"2":{"name":"(anonymous_2)","decl":{"start":{"line":19,"column":4},"end":{"line":19,"column":5}},"loc":{"start":{"line":19,"column":39},"end":{"line":65,"column":5}},"line":19},"3":{"name":"(anonymous_3)","decl":{"start":{"line":67,"column":4},"end":{"line":67,"column":5}},"loc":{"start":{"line":67,"column":24},"end":{"line":70,"column":5}},"line":67},"4":{"name":"(anonymous_4)","decl":{"start":{"line":72,"column":4},"end":{"line":72,"column":5}},"loc":{"start":{"line":72,"column":14},"end":{"line":78,"column":5}},"line":72}},"branchMap":{"0":{"loc":{"start":{"line":9,"column":9},"end":{"line":9,"column":61}},"type":"binary-expr","locations":[{"start":{"line":9,"column":9},"end":{"line":9,"column":30}},{"start":{"line":9,"column":34},"end":{"line":9,"column":48}},{"start":{"line":9,"column":52},"end":{"line":9,"column":61}}],"line":9},"1":{"loc":{"start":{"line":24,"column":6},"end":{"line":26,"column":7}},"type":"if","locations":[{"start":{"line":24,"column":6},"end":{"line":26,"column":7}},{"start":{"line":24,"column":6},"end":{"line":26,"column":7}}],"line":24},"2":{"loc":{"start":{"line":30,"column":6},"end":{"line":59,"column":7}},"type":"if","locations":[{"start":{"line":30,"column":6},"end":{"line":59,"column":7}},{"start":{"line":30,"column":6},"end":{"line":59,"column":7}}],"line":30}},"s":{"0":2,"1":2,"2":0,"3":0,"4":0,"5":0,"6":0,"7":0,"8":0,"9":0,"10":0,"11":0,"12":0,"13":0,"14":0,"15":2,"16":2,"17":2},"f":{"0":2,"1":2,"2":0,"3":2,"4":2},"b":{"0":[2,0,0],"1":[0,0],"2":[0,0]},"_coverageSchema":"332fd63041d2c1bcb487cc26dd0d5f7d97098a6c","hash":"93b7b2116063f47f320c07fb0183e9f4fbcb9e6c"}
,"/Users/carl/code/knight/app/auth/index.js": {"path":"/Users/carl/code/knight/app/auth/index.js","statementMap":{"0":{"start":{"line":7,"column":2},"end":{"line":12,"column":4}},"1":{"start":{"line":16,"column":2},"end":{"line":25,"column":3}},"2":{"start":{"line":17,"column":17},"end":{"line":17,"column":37}},"3":{"start":{"line":18,"column":20},"end":{"line":18,"column":60}},"4":{"start":{"line":19,"column":4},"end":{"line":19,"column":35}},"5":{"start":{"line":20,"column":4},"end":{"line":22,"column":6}},"6":{"start":{"line":24,"column":4},"end":{"line":24,"column":19}},"7":{"start":{"line":31,"column":2},"end":{"line":44,"column":3}},"8":{"start":{"line":32,"column":4},"end":{"line":41,"column":5}},"9":{"start":{"line":36,"column":6},"end":{"line":36,"column":35}},"10":{"start":{"line":37,"column":11},"end":{"line":41,"column":5}},"11":{"start":{"line":40,"column":6},"end":{"line":40,"column":34}},"12":{"start":{"line":43,"column":4},"end":{"line":43,"column":19}},"13":{"start":{"line":49,"column":2},"end":{"line":55,"column":3}},"14":{"start":{"line":50,"column":4},"end":{"line":50,"column":29}},"15":{"start":{"line":51,"column":4},"end":{"line":51,"column":28}},"16":{"start":{"line":52,"column":4},"end":{"line":52,"column":20}},"17":{"start":{"line":54,"column":4},"end":{"line":54,"column":21}}},"fnMap":{"0":{"name":"createLock","decl":{"start":{"line":6,"column":16},"end":{"line":6,"column":26}},"loc":{"start":{"line":6,"column":30},"end":{"line":13,"column":1}},"line":6},"1":{"name":"hashToCookies","decl":{"start":{"line":15,"column":22},"end":{"line":15,"column":35}},"loc":{"start":{"line":15,"column":38},"end":{"line":27,"column":1}},"line":15},"2":{"name":"getIDToken","decl":{"start":{"line":30,"column":22},"end":{"line":30,"column":32}},"loc":{"start":{"line":30,"column":41},"end":{"line":45,"column":1}},"line":30},"3":{"name":"logout","decl":{"start":{"line":48,"column":22},"end":{"line":48,"column":28}},"loc":{"start":{"line":48,"column":30},"end":{"line":56,"column":1}},"line":48}},"branchMap":{"0":{"loc":{"start":{"line":32,"column":4},"end":{"line":41,"column":5}},"type":"if","locations":[{"start":{"line":32,"column":4},"end":{"line":41,"column":5}},{"start":{"line":32,"column":4},"end":{"line":41,"column":5}}],"line":32},"1":{"loc":{"start":{"line":33,"column":6},"end":{"line":34,"column":28}},"type":"binary-expr","locations":[{"start":{"line":33,"column":6},"end":{"line":33,"column":21}},{"start":{"line":34,"column":6},"end":{"line":34,"column":28}}],"line":33},"2":{"loc":{"start":{"line":37,"column":11},"end":{"line":41,"column":5}},"type":"if","locations":[{"start":{"line":37,"column":11},"end":{"line":41,"column":5}},{"start":{"line":37,"column":11},"end":{"line":41,"column":5}}],"line":37}},"s":{"0":0,"1":0,"2":0,"3":0,"4":0,"5":0,"6":0,"7":0,"8":0,"9":0,"10":0,"11":0,"12":0,"13":0,"14":0,"15":0,"16":0,"17":0},"f":{"0":0,"1":0,"2":0,"3":0},"b":{"0":[0,0],"1":[0,0],"2":[0,0]},"_coverageSchema":"332fd63041d2c1bcb487cc26dd0d5f7d97098a6c","hash":"868fd8a164e2460551abc04167ecdcfb66ea50b4"}
,"/Users/carl/code/knight/app/components/AppBook/AppBook.js": {"path":"/Users/carl/code/knight/app/components/AppBook/AppBook.js","statementMap":{"0":{"start":{"line":24,"column":4},"end":{"line":24,"column":44}},"1":{"start":{"line":24,"column":33},"end":{"line":24,"column":44}},"2":{"start":{"line":39,"column":8},"end":{"line":39,"column":12}},"3":{"start":{"line":41,"column":15},"end":{"line":41,"column":60}},"4":{"start":{"line":41,"column":35},"end":{"line":41,"column":59}},"5":{"start":{"line":43,"column":4},"end":{"line":80,"column":5}},"6":{"start":{"line":48,"column":25},"end":{"line":48,"column":39}},"7":{"start":{"line":55,"column":27},"end":{"line":55,"column":40}},"8":{"start":{"line":85,"column":20},"end":{"line":85,"column":72}},"9":{"start":{"line":85,"column":65},"end":{"line":85,"column":70}},"10":{"start":{"line":86,"column":4},"end":{"line":86,"column":30}},"11":{"start":{"line":102,"column":8},"end":{"line":102,"column":12}},"12":{"start":{"line":104,"column":23},"end":{"line":104,"column":41}},"13":{"start":{"line":106,"column":19},"end":{"line":106,"column":35}},"14":{"start":{"line":107,"column":19},"end":{"line":107,"column":20}},"15":{"start":{"line":109,"column":4},"end":{"line":111,"column":5}},"16":{"start":{"line":110,"column":6},"end":{"line":110,"column":12}},"17":{"start":{"line":113,"column":4},"end":{"line":115,"column":6}},"18":{"start":{"line":123,"column":18},"end":{"line":126,"column":1}},"19":{"start":{"line":128,"column":22},"end":{"line":133,"column":1}},"20":{"start":{"line":135,"column":25},"end":{"line":143,"column":1}},"21":{"start":{"line":141,"column":35},"end":{"line":141,"column":53}},"22":{"start":{"line":142,"column":24},"end":{"line":142,"column":42}},"23":{"start":{"line":146,"column":28},"end":{"line":154,"column":1}}},"fnMap":{"0":{"name":"(anonymous_0)","decl":{"start":{"line":22,"column":2},"end":{"line":22,"column":3}},"loc":{"start":{"line":22,"column":11},"end":{"line":81,"column":3}},"line":22},"1":{"name":"(anonymous_1)","decl":{"start":{"line":41,"column":27},"end":{"line":41,"column":28}},"loc":{"start":{"line":41,"column":35},"end":{"line":41,"column":59}},"line":41},"2":{"name":"(anonymous_2)","decl":{"start":{"line":48,"column":21},"end":{"line":48,"column":22}},"loc":{"start":{"line":48,"column":25},"end":{"line":48,"column":39}},"line":48},"3":{"name":"(anonymous_3)","decl":{"start":{"line":55,"column":23},"end":{"line":55,"column":24}},"loc":{"start":{"line":55,"column":27},"end":{"line":55,"column":40}},"line":55},"4":{"name":"(anonymous_4)","decl":{"start":{"line":83,"column":2},"end":{"line":83,"column":3}},"loc":{"start":{"line":83,"column":35},"end":{"line":87,"column":3}},"line":83},"5":{"name":"(anonymous_5)","decl":{"start":{"line":85,"column":52},"end":{"line":85,"column":53}},"loc":{"start":{"line":85,"column":65},"end":{"line":85,"column":70}},"line":85},"6":{"name":"(anonymous_6)","decl":{"start":{"line":90,"column":15},"end":{"line":90,"column":16}},"loc":{"start":{"line":90,"column":27},"end":{"line":117,"column":3}},"line":90},"7":{"name":"(anonymous_7)","decl":{"start":{"line":141,"column":22},"end":{"line":141,"column":23}},"loc":{"start":{"line":141,"column":35},"end":{"line":141,"column":53}},"line":141},"8":{"name":"(anonymous_8)","decl":{"start":{"line":142,"column":11},"end":{"line":142,"column":12}},"loc":{"start":{"line":142,"column":24},"end":{"line":142,"column":42}},"line":142}},"branchMap":{"0":{"loc":{"start":{"line":24,"column":4},"end":{"line":24,"column":44}},"type":"if","locations":[{"start":{"line":24,"column":4},"end":{"line":24,"column":44}},{"start":{"line":24,"column":4},"end":{"line":24,"column":44}}],"line":24},"1":{"loc":{"start":{"line":46,"column":11},"end":{"line":52,"column":19}},"type":"cond-expr","locations":[{"start":{"line":47,"column":12},"end":{"line":51,"column":21}},{"start":{"line":52,"column":13},"end":{"line":52,"column":19}}],"line":46},"2":{"loc":{"start":{"line":53,"column":11},"end":{"line":59,"column":19}},"type":"cond-expr","locations":[{"start":{"line":54,"column":12},"end":{"line":58,"column":21}},{"start":{"line":59,"column":13},"end":{"line":59,"column":19}}],"line":53},"3":{"loc":{"start":{"line":109,"column":4},"end":{"line":111,"column":5}},"type":"if","locations":[{"start":{"line":109,"column":4},"end":{"line":111,"column":5}},{"start":{"line":109,"column":4},"end":{"line":111,"column":5}}],"line":109},"4":{"loc":{"start":{"line":109,"column":8},"end":{"line":109,"column":58}},"type":"binary-expr","locations":[{"start":{"line":109,"column":8},"end":{"line":109,"column":31}},{"start":{"line":109,"column":35},"end":{"line":109,"column":58}}],"line":109}},"s":{"0":1,"1":0,"2":1,"3":1,"4":1,"5":1,"6":0,"7":0,"8":0,"9":0,"10":0,"11":0,"12":0,"13":0,"14":0,"15":0,"16":0,"17":0,"18":1,"19":1,"20":1,"21":0,"22":0,"23":1},"f":{"0":1,"1":1,"2":0,"3":0,"4":0,"5":0,"6":0,"7":0,"8":0},"b":{"0":[0,1],"1":[0,1],"2":[0,1],"3":[0,0],"4":[0,0]},"_coverageSchema":"332fd63041d2c1bcb487cc26dd0d5f7d97098a6c","hash":"636d71208b07eca11b063ca5d619b1804a86f4b1"}
,"/Users/carl/code/knight/app/components/AppClip/AppClip.js": {"path":"/Users/carl/code/knight/app/components/AppClip/AppClip.js","statementMap":{"0":{"start":{"line":11,"column":26},"end":{"line":11,"column":43}},"1":{"start":{"line":16,"column":4},"end":{"line":16,"column":44}},"2":{"start":{"line":16,"column":33},"end":{"line":16,"column":44}},"3":{"start":{"line":30,"column":8},"end":{"line":30,"column":12}},"4":{"start":{"line":32,"column":4},"end":{"line":49,"column":5}},"5":{"start":{"line":35,"column":25},"end":{"line":35,"column":46}},"6":{"start":{"line":56,"column":18},"end":{"line":66,"column":1}},"7":{"start":{"line":68,"column":15},"end":{"line":73,"column":1}}},"fnMap":{"0":{"name":"(anonymous_0)","decl":{"start":{"line":14,"column":2},"end":{"line":14,"column":3}},"loc":{"start":{"line":14,"column":11},"end":{"line":50,"column":3}},"line":14},"1":{"name":"(anonymous_1)","decl":{"start":{"line":35,"column":19},"end":{"line":35,"column":20}},"loc":{"start":{"line":35,"column":25},"end":{"line":35,"column":46}},"line":35}},"branchMap":{"0":{"loc":{"start":{"line":16,"column":4},"end":{"line":16,"column":44}},"type":"if","locations":[{"start":{"line":16,"column":4},"end":{"line":16,"column":44}},{"start":{"line":16,"column":4},"end":{"line":16,"column":44}}],"line":16},"1":{"loc":{"start":{"line":41,"column":9},"end":{"line":45,"column":15}},"type":"cond-expr","locations":[{"start":{"line":42,"column":10},"end":{"line":44,"column":19}},{"start":{"line":45,"column":11},"end":{"line":45,"column":15}}],"line":41}},"s":{"0":0,"1":1,"2":0,"3":1,"4":1,"5":0,"6":3,"7":3},"f":{"0":1,"1":0},"b":{"0":[0,1],"1":[0,1]},"_coverageSchema":"332fd63041d2c1bcb487cc26dd0d5f7d97098a6c","hash":"648df4dda90b12b7591311777596f23072eda070"}
,"/Users/carl/code/knight/app/components/AppClip/index.js": {"path":"/Users/carl/code/knight/app/components/AppClip/index.js","statementMap":{"0":{"start":{"line":5,"column":15},"end":{"line":11,"column":1}},"1":{"start":{"line":6,"column":26},"end":{"line":10,"column":3}},"2":{"start":{"line":19,"column":30},"end":{"line":19,"column":37}}},"fnMap":{"0":{"name":"(anonymous_0)","decl":{"start":{"line":6,"column":11},"end":{"line":6,"column":12}},"loc":{"start":{"line":6,"column":26},"end":{"line":10,"column":3}},"line":6}},"branchMap":{},"s":{"0":2,"1":0,"2":2},"f":{"0":0},"b":{},"_coverageSchema":"332fd63041d2c1bcb487cc26dd0d5f7d97098a6c","hash":"c3f4f7e29d4de0d5502816ef2c200acb6bf6de2e"}
,"/Users/carl/code/knight/app/components/AppDetail/AppDetail.js": {"path":"/Users/carl/code/knight/app/components/AppDetail/AppDetail.js","statementMap":{"0":{"start":{"line":12,"column":30},"end":{"line":12,"column":49}},"1":{"start":{"line":17,"column":4},"end":{"line":17,"column":44}},"2":{"start":{"line":17,"column":33},"end":{"line":17,"column":44}},"3":{"start":{"line":35,"column":8},"end":{"line":35,"column":12}},"4":{"start":{"line":37,"column":4},"end":{"line":69,"column":5}},"5":{"start":{"line":55,"column":14},"end":{"line":62,"column":24}},"6":{"start":{"line":84,"column":8},"end":{"line":84,"column":18}},"7":{"start":{"line":86,"column":4},"end":{"line":86,"column":29}},"8":{"start":{"line":87,"column":4},"end":{"line":87,"column":29}},"9":{"start":{"line":94,"column":18},"end":{"line":101,"column":1}},"10":{"start":{"line":103,"column":15},"end":{"line":106,"column":1}},"11":{"start":{"line":108,"column":23},"end":{"line":114,"column":1}}},"fnMap":{"0":{"name":"(anonymous_0)","decl":{"start":{"line":15,"column":2},"end":{"line":15,"column":3}},"loc":{"start":{"line":15,"column":11},"end":{"line":70,"column":3}},"line":15},"1":{"name":"(anonymous_1)","decl":{"start":{"line":54,"column":24},"end":{"line":54,"column":25}},"loc":{"start":{"line":55,"column":14},"end":{"line":62,"column":24}},"line":55},"2":{"name":"(anonymous_2)","decl":{"start":{"line":72,"column":20},"end":{"line":72,"column":21}},"loc":{"start":{"line":72,"column":26},"end":{"line":89,"column":3}},"line":72}},"branchMap":{"0":{"loc":{"start":{"line":17,"column":4},"end":{"line":17,"column":44}},"type":"if","locations":[{"start":{"line":17,"column":4},"end":{"line":17,"column":44}},{"start":{"line":17,"column":4},"end":{"line":17,"column":44}}],"line":17},"1":{"loc":{"start":{"line":42,"column":11},"end":{"line":47,"column":17}},"type":"cond-expr","locations":[{"start":{"line":43,"column":12},"end":{"line":46,"column":14}},{"start":{"line":47,"column":13},"end":{"line":47,"column":17}}],"line":42},"2":{"loc":{"start":{"line":52,"column":9},"end":{"line":65,"column":15}},"type":"cond-expr","locations":[{"start":{"line":53,"column":10},"end":{"line":64,"column":27}},{"start":{"line":65,"column":11},"end":{"line":65,"column":15}}],"line":52}},"s":{"0":0,"1":1,"2":0,"3":1,"4":1,"5":0,"6":0,"7":0,"8":0,"9":2,"10":2,"11":2},"f":{"0":1,"1":0,"2":0},"b":{"0":[0,1],"1":[0,1],"2":[0,1]},"_coverageSchema":"332fd63041d2c1bcb487cc26dd0d5f7d97098a6c","hash":"7aeca05dfe1e964cd3b2d1418da3069946b9cc90"}
,"/Users/carl/code/knight/app/components/AppDetail/index.js": {"path":"/Users/carl/code/knight/app/components/AppDetail/index.js","statementMap":{"0":{"start":{"line":5,"column":15},"end":{"line":11,"column":1}},"1":{"start":{"line":6,"column":28},"end":{"line":10,"column":3}},"2":{"start":{"line":19,"column":30},"end":{"line":19,"column":39}}},"fnMap":{"0":{"name":"(anonymous_0)","decl":{"start":{"line":6,"column":11},"end":{"line":6,"column":12}},"loc":{"start":{"line":6,"column":28},"end":{"line":10,"column":3}},"line":6}},"branchMap":{},"s":{"0":1,"1":0,"2":1},"f":{"0":0},"b":{},"_coverageSchema":"332fd63041d2c1bcb487cc26dd0d5f7d97098a6c","hash":"d054be83d03b44837ded4c3e7e1009680d41d2a0"}
,"/Users/carl/code/knight/app/components/AppHome/AppHome.js": {"path":"/Users/carl/code/knight/app/components/AppHome/AppHome.js","statementMap":{"0":{"start":{"line":32,"column":8},"end":{"line":32,"column":12}},"1":{"start":{"line":34,"column":4},"end":{"line":52,"column":5}},"2":{"start":{"line":55,"column":46},"end":{"line":55,"column":76}},"3":{"start":{"line":59,"column":22},"end":{"line":65,"column":1}}},"fnMap":{"0":{"name":"(anonymous_0)","decl":{"start":{"line":21,"column":2},"end":{"line":21,"column":3}},"loc":{"start":{"line":21,"column":11},"end":{"line":53,"column":3}},"line":21},"1":{"name":"(anonymous_1)","decl":{"start":{"line":55,"column":17},"end":{"line":55,"column":18}},"loc":{"start":{"line":55,"column":46},"end":{"line":55,"column":76}},"line":55}},"branchMap":{},"s":{"0":1,"1":1,"2":0,"3":1},"f":{"0":1,"1":0},"b":{},"_coverageSchema":"332fd63041d2c1bcb487cc26dd0d5f7d97098a6c","hash":"a5ff029355901c555eff2ed47cd926357e847a7a"}
,"/Users/carl/code/knight/app/components/AppItem/AppItem.js": {"path":"/Users/carl/code/knight/app/components/AppItem/AppItem.js","statementMap":{"0":{"start":{"line":33,"column":4},"end":{"line":33,"column":50}},"1":{"start":{"line":33,"column":33},"end":{"line":33,"column":50}},"2":{"start":{"line":55,"column":8},"end":{"line":55,"column":12}},"3":{"start":{"line":57,"column":4},"end":{"line":150,"column":5}},"4":{"start":{"line":92,"column":16},"end":{"line":99,"column":18}},"5":{"start":{"line":109,"column":16},"end":{"line":131,"column":23}},"6":{"start":{"line":154,"column":4},"end":{"line":154,"column":35}},"7":{"start":{"line":158,"column":4},"end":{"line":158,"column":33}},"8":{"start":{"line":163,"column":18},"end":{"line":169,"column":1}},"9":{"start":{"line":172,"column":22},"end":{"line":179,"column":1}},"10":{"start":{"line":181,"column":25},"end":{"line":184,"column":1}},"11":{"start":{"line":186,"column":25},"end":{"line":195,"column":1}},"12":{"start":{"line":187,"column":35},"end":{"line":187,"column":53}},"13":{"start":{"line":197,"column":18},"end":{"line":199,"column":1}}},"fnMap":{"0":{"name":"(anonymous_0)","decl":{"start":{"line":32,"column":2},"end":{"line":32,"column":3}},"loc":{"start":{"line":32,"column":11},"end":{"line":151,"column":3}},"line":32},"1":{"name":"(anonymous_1)","decl":{"start":{"line":91,"column":27},"end":{"line":91,"column":28}},"loc":{"start":{"line":92,"column":16},"end":{"line":99,"column":18}},"line":92},"2":{"name":"(anonymous_2)","decl":{"start":{"line":108,"column":32},"end":{"line":108,"column":33}},"loc":{"start":{"line":109,"column":16},"end":{"line":131,"column":23}},"line":109},"3":{"name":"(anonymous_3)","decl":{"start":{"line":153,"column":26},"end":{"line":153,"column":27}},"loc":{"start":{"line":153,"column":46},"end":{"line":155,"column":3}},"line":153},"4":{"name":"(anonymous_4)","decl":{"start":{"line":157,"column":24},"end":{"line":157,"column":25}},"loc":{"start":{"line":157,"column":42},"end":{"line":159,"column":3}},"line":157},"5":{"name":"(anonymous_5)","decl":{"start":{"line":187,"column":22},"end":{"line":187,"column":23}},"loc":{"start":{"line":187,"column":35},"end":{"line":187,"column":53}},"line":187}},"branchMap":{"0":{"loc":{"start":{"line":33,"column":4},"end":{"line":33,"column":50}},"type":"if","locations":[{"start":{"line":33,"column":4},"end":{"line":33,"column":50}},{"start":{"line":33,"column":4},"end":{"line":33,"column":50}}],"line":33},"1":{"loc":{"start":{"line":124,"column":21},"end":{"line":129,"column":27}},"type":"cond-expr","locations":[{"start":{"line":125,"column":22},"end":{"line":128,"column":24}},{"start":{"line":129,"column":23},"end":{"line":129,"column":27}}],"line":124},"2":{"loc":{"start":{"line":137,"column":11},"end":{"line":141,"column":17}},"type":"cond-expr","locations":[{"start":{"line":138,"column":12},"end":{"line":140,"column":14}},{"start":{"line":141,"column":13},"end":{"line":141,"column":17}}],"line":137},"3":{"loc":{"start":{"line":137,"column":12},"end":{"line":137,"column":40}},"type":"binary-expr","locations":[{"start":{"line":137,"column":12},"end":{"line":137,"column":21}},{"start":{"line":137,"column":25},"end":{"line":137,"column":40}}],"line":137},"4":{"loc":{"start":{"line":142,"column":11},"end":{"line":147,"column":17}},"type":"cond-expr","locations":[{"start":{"line":143,"column":12},"end":{"line":146,"column":14}},{"start":{"line":147,"column":13},"end":{"line":147,"column":17}}],"line":142},"5":{"loc":{"start":{"line":142,"column":12},"end":{"line":142,"column":50}},"type":"binary-expr","locations":[{"start":{"line":142,"column":12},"end":{"line":142,"column":26}},{"start":{"line":142,"column":30},"end":{"line":142,"column":50}}],"line":142}},"s":{"0":2,"1":2,"2":0,"3":0,"4":0,"5":0,"6":0,"7":0,"8":1,"9":1,"10":1,"11":1,"12":0,"13":1},"f":{"0":2,"1":0,"2":0,"3":0,"4":0,"5":0},"b":{"0":[2,0],"1":[0,0],"2":[0,0],"3":[0,0],"4":[0,0],"5":[0,0]},"_coverageSchema":"332fd63041d2c1bcb487cc26dd0d5f7d97098a6c","hash":"218be801796558da6209f8456cbc649bb7abf55b"}
,"/Users/carl/code/knight/app/components/AppItemList/AppItemList.js": {"path":"/Users/carl/code/knight/app/components/AppItemList/AppItemList.js","statementMap":{"0":{"start":{"line":10,"column":4},"end":{"line":10,"column":44}},"1":{"start":{"line":10,"column":33},"end":{"line":10,"column":44}},"2":{"start":{"line":19,"column":8},"end":{"line":19,"column":12}},"3":{"start":{"line":20,"column":4},"end":{"line":42,"column":5}},"4":{"start":{"line":23,"column":10},"end":{"line":39,"column":17}},"5":{"start":{"line":46,"column":23},"end":{"line":56,"column":1}}},"fnMap":{"0":{"name":"(anonymous_0)","decl":{"start":{"line":8,"column":2},"end":{"line":8,"column":3}},"loc":{"start":{"line":8,"column":10},"end":{"line":43,"column":3}},"line":8},"1":{"name":"(anonymous_1)","decl":{"start":{"line":22,"column":19},"end":{"line":22,"column":20}},"loc":{"start":{"line":23,"column":10},"end":{"line":39,"column":17}},"line":23}},"branchMap":{"0":{"loc":{"start":{"line":10,"column":4},"end":{"line":10,"column":44}},"type":"if","locations":[{"start":{"line":10,"column":4},"end":{"line":10,"column":44}},{"start":{"line":10,"column":4},"end":{"line":10,"column":44}}],"line":10}},"s":{"0":0,"1":0,"2":0,"3":0,"4":0,"5":1},"f":{"0":0,"1":0},"b":{"0":[0,0]},"_coverageSchema":"332fd63041d2c1bcb487cc26dd0d5f7d97098a6c","hash":"8014e6ea0d0b40e3bd1ad249c5583f4ce001281e"}
,"/Users/carl/code/knight/app/components/AppItemList/index.js": {"path":"/Users/carl/code/knight/app/components/AppItemList/index.js","statementMap":{"0":{"start":{"line":6,"column":15},"end":{"line":13,"column":1}},"1":{"start":{"line":7,"column":34},"end":{"line":12,"column":3}}},"fnMap":{"0":{"name":"(anonymous_0)","decl":{"start":{"line":7,"column":11},"end":{"line":7,"column":12}},"loc":{"start":{"line":7,"column":34},"end":{"line":12,"column":3}},"line":7}},"branchMap":{},"s":{"0":1,"1":0},"f":{"0":0},"b":{},"_coverageSchema":"332fd63041d2c1bcb487cc26dd0d5f7d97098a6c","hash":"cab13d09b2da0d1c0765587d478b10f1f65862b7"}
,"/Users/carl/code/knight/app/components/AppPage/AppPage.js": {"path":"/Users/carl/code/knight/app/components/AppPage/AppPage.js","statementMap":{"0":{"start":{"line":14,"column":4},"end":{"line":14,"column":56}},"1":{"start":{"line":14,"column":33},"end":{"line":14,"column":56}},"2":{"start":{"line":29,"column":8},"end":{"line":29,"column":12}},"3":{"start":{"line":31,"column":4},"end":{"line":60,"column":5}},"4":{"start":{"line":67,"column":22},"end":{"line":70,"column":1}},"5":{"start":{"line":72,"column":22},"end":{"line":79,"column":1}},"6":{"start":{"line":81,"column":25},"end":{"line":85,"column":1}}},"fnMap":{"0":{"name":"(anonymous_0)","decl":{"start":{"line":12,"column":2},"end":{"line":12,"column":3}},"loc":{"start":{"line":12,"column":11},"end":{"line":61,"column":3}},"line":12}},"branchMap":{"0":{"loc":{"start":{"line":14,"column":4},"end":{"line":14,"column":56}},"type":"if","locations":[{"start":{"line":14,"column":4},"end":{"line":14,"column":56}},{"start":{"line":14,"column":4},"end":{"line":14,"column":56}}],"line":14},"1":{"loc":{"start":{"line":34,"column":11},"end":{"line":38,"column":17}},"type":"cond-expr","locations":[{"start":{"line":35,"column":12},"end":{"line":37,"column":14}},{"start":{"line":38,"column":13},"end":{"line":38,"column":17}}],"line":34},"2":{"loc":{"start":{"line":34,"column":12},"end":{"line":34,"column":41}},"type":"binary-expr","locations":[{"start":{"line":34,"column":12},"end":{"line":34,"column":21}},{"start":{"line":34,"column":25},"end":{"line":34,"column":41}}],"line":34},"3":{"loc":{"start":{"line":39,"column":11},"end":{"line":43,"column":17}},"type":"cond-expr","locations":[{"start":{"line":40,"column":12},"end":{"line":42,"column":14}},{"start":{"line":43,"column":13},"end":{"line":43,"column":17}}],"line":39},"4":{"loc":{"start":{"line":39,"column":12},"end":{"line":39,"column":37}},"type":"binary-expr","locations":[{"start":{"line":39,"column":12},"end":{"line":39,"column":17}},{"start":{"line":39,"column":21},"end":{"line":39,"column":37}}],"line":39},"5":{"loc":{"start":{"line":44,"column":11},"end":{"line":53,"column":17}},"type":"cond-expr","locations":[{"start":{"line":45,"column":12},"end":{"line":52,"column":18}},{"start":{"line":53,"column":13},"end":{"line":53,"column":17}}],"line":44},"6":{"loc":{"start":{"line":44,"column":12},"end":{"line":44,"column":66}},"type":"binary-expr","locations":[{"start":{"line":44,"column":12},"end":{"line":44,"column":41}},{"start":{"line":44,"column":45},"end":{"line":44,"column":66}}],"line":44}},"s":{"0":0,"1":0,"2":0,"3":0,"4":1,"5":1,"6":1},"f":{"0":0},"b":{"0":[0,0],"1":[0,0],"2":[0,0],"3":[0,0],"4":[0,0],"5":[0,0],"6":[0,0]},"_coverageSchema":"332fd63041d2c1bcb487cc26dd0d5f7d97098a6c","hash":"5e0a82277277b7b27a4768eb241c3be148028f04"}
,"/Users/carl/code/knight/app/components/AppPage/index.js": {"path":"/Users/carl/code/knight/app/components/AppPage/index.js","statementMap":{"0":{"start":{"line":5,"column":15},"end":{"line":11,"column":1}},"1":{"start":{"line":6,"column":26},"end":{"line":10,"column":3}},"2":{"start":{"line":19,"column":30},"end":{"line":19,"column":37}}},"fnMap":{"0":{"name":"(anonymous_0)","decl":{"start":{"line":6,"column":11},"end":{"line":6,"column":12}},"loc":{"start":{"line":6,"column":26},"end":{"line":10,"column":3}},"line":6}},"branchMap":{},"s":{"0":1,"1":0,"2":1},"f":{"0":0},"b":{},"_coverageSchema":"332fd63041d2c1bcb487cc26dd0d5f7d97098a6c","hash":"540fb7c1be483386f98bb11204d94ad8415d46ad"}
,"/Users/carl/code/knight/app/components/AppTombstone/AppTombstone.js": {"path":"/Users/carl/code/knight/app/components/AppTombstone/AppTombstone.js","statementMap":{"0":{"start":{"line":24,"column":4},"end":{"line":24,"column":50}},"1":{"start":{"line":24,"column":33},"end":{"line":24,"column":50}},"2":{"start":{"line":45,"column":8},"end":{"line":45,"column":12}},"3":{"start":{"line":47,"column":4},"end":{"line":113,"column":5}},"4":{"start":{"line":106,"column":23},"end":{"line":106,"column":76}},"5":{"start":{"line":106,"column":54},"end":{"line":106,"column":74}},"6":{"start":{"line":118,"column":18},"end":{"line":123,"column":1}},"7":{"start":{"line":125,"column":14},"end":{"line":129,"column":1}},"8":{"start":{"line":126,"column":30},"end":{"line":126,"column":49}},"9":{"start":{"line":131,"column":20},"end":{"line":136,"column":1}},"10":{"start":{"line":132,"column":30},"end":{"line":132,"column":47}},"11":{"start":{"line":138,"column":20},"end":{"line":143,"column":1}},"12":{"start":{"line":139,"column":30},"end":{"line":139,"column":47}},"13":{"start":{"line":145,"column":24},"end":{"line":150,"column":1}},"14":{"start":{"line":146,"column":30},"end":{"line":146,"column":47}},"15":{"start":{"line":152,"column":17},"end":{"line":159,"column":1}},"16":{"start":{"line":153,"column":30},"end":{"line":153,"column":47}},"17":{"start":{"line":160,"column":13},"end":{"line":164,"column":1}},"18":{"start":{"line":166,"column":17},"end":{"line":170,"column":1}},"19":{"start":{"line":167,"column":30},"end":{"line":167,"column":47}}},"fnMap":{"0":{"name":"(anonymous_0)","decl":{"start":{"line":22,"column":2},"end":{"line":22,"column":3}},"loc":{"start":{"line":22,"column":10},"end":{"line":114,"column":3}},"line":22},"1":{"name":"(anonymous_1)","decl":{"start":{"line":106,"column":19},"end":{"line":106,"column":20}},"loc":{"start":{"line":106,"column":23},"end":{"line":106,"column":76}},"line":106},"2":{"name":"(anonymous_2)","decl":{"start":{"line":106,"column":37},"end":{"line":106,"column":38}},"loc":{"start":{"line":106,"column":54},"end":{"line":106,"column":74}},"line":106},"3":{"name":"(anonymous_3)","decl":{"start":{"line":126,"column":17},"end":{"line":126,"column":18}},"loc":{"start":{"line":126,"column":30},"end":{"line":126,"column":49}},"line":126},"4":{"name":"(anonymous_4)","decl":{"start":{"line":132,"column":17},"end":{"line":132,"column":18}},"loc":{"start":{"line":132,"column":30},"end":{"line":132,"column":47}},"line":132},"5":{"name":"(anonymous_5)","decl":{"start":{"line":139,"column":17},"end":{"line":139,"column":18}},"loc":{"start":{"line":139,"column":30},"end":{"line":139,"column":47}},"line":139},"6":{"name":"(anonymous_6)","decl":{"start":{"line":146,"column":17},"end":{"line":146,"column":18}},"loc":{"start":{"line":146,"column":30},"end":{"line":146,"column":47}},"line":146},"7":{"name":"(anonymous_7)","decl":{"start":{"line":153,"column":17},"end":{"line":153,"column":18}},"loc":{"start":{"line":153,"column":30},"end":{"line":153,"column":47}},"line":153},"8":{"name":"(anonymous_8)","decl":{"start":{"line":167,"column":17},"end":{"line":167,"column":18}},"loc":{"start":{"line":167,"column":30},"end":{"line":167,"column":47}},"line":167}},"branchMap":{"0":{"loc":{"start":{"line":24,"column":4},"end":{"line":24,"column":50}},"type":"if","locations":[{"start":{"line":24,"column":4},"end":{"line":24,"column":50}},{"start":{"line":24,"column":4},"end":{"line":24,"column":50}}],"line":24},"1":{"loc":{"start":{"line":50,"column":9},"end":{"line":54,"column":15}},"type":"cond-expr","locations":[{"start":{"line":51,"column":10},"end":{"line":53,"column":18}},{"start":{"line":54,"column":11},"end":{"line":54,"column":15}}],"line":50},"2":{"loc":{"start":{"line":56,"column":9},"end":{"line":60,"column":15}},"type":"cond-expr","locations":[{"start":{"line":57,"column":10},"end":{"line":59,"column":24}},{"start":{"line":60,"column":11},"end":{"line":60,"column":15}}],"line":56},"3":{"loc":{"start":{"line":62,"column":9},"end":{"line":66,"column":15}},"type":"cond-expr","locations":[{"start":{"line":63,"column":10},"end":{"line":65,"column":24}},{"start":{"line":66,"column":11},"end":{"line":66,"column":15}}],"line":62},"4":{"loc":{"start":{"line":62,"column":10},"end":{"line":62,"column":25}},"type":"binary-expr","locations":[{"start":{"line":62,"column":10},"end":{"line":62,"column":17}},{"start":{"line":62,"column":21},"end":{"line":62,"column":25}}],"line":62},"5":{"loc":{"start":{"line":68,"column":9},"end":{"line":72,"column":15}},"type":"cond-expr","locations":[{"start":{"line":69,"column":10},"end":{"line":71,"column":28}},{"start":{"line":72,"column":11},"end":{"line":72,"column":15}}],"line":68},"6":{"loc":{"start":{"line":74,"column":9},"end":{"line":102,"column":15}},"type":"cond-expr","locations":[{"start":{"line":75,"column":10},"end":{"line":101,"column":17}},{"start":{"line":102,"column":11},"end":{"line":102,"column":15}}],"line":74},"7":{"loc":{"start":{"line":77,"column":13},"end":{"line":81,"column":19}},"type":"cond-expr","locations":[{"start":{"line":78,"column":14},"end":{"line":80,"column":25}},{"start":{"line":81,"column":15},"end":{"line":81,"column":19}}],"line":77},"8":{"loc":{"start":{"line":83,"column":13},"end":{"line":87,"column":19}},"type":"cond-expr","locations":[{"start":{"line":84,"column":14},"end":{"line":86,"column":25}},{"start":{"line":87,"column":15},"end":{"line":87,"column":19}}],"line":83},"9":{"loc":{"start":{"line":89,"column":13},"end":{"line":93,"column":19}},"type":"cond-expr","locations":[{"start":{"line":90,"column":14},"end":{"line":92,"column":25}},{"start":{"line":93,"column":15},"end":{"line":93,"column":19}}],"line":89},"10":{"loc":{"start":{"line":95,"column":13},"end":{"line":99,"column":19}},"type":"cond-expr","locations":[{"start":{"line":96,"column":14},"end":{"line":98,"column":25}},{"start":{"line":99,"column":15},"end":{"line":99,"column":19}}],"line":95},"11":{"loc":{"start":{"line":108,"column":11},"end":{"line":108,"column":44}},"type":"cond-expr","locations":[{"start":{"line":108,"column":24},"end":{"line":108,"column":30}},{"start":{"line":108,"column":33},"end":{"line":108,"column":44}}],"line":108}},"s":{"0":2,"1":1,"2":1,"3":1,"4":0,"5":0,"6":2,"7":2,"8":0,"9":2,"10":0,"11":2,"12":0,"13":2,"14":0,"15":2,"16":1,"17":2,"18":2,"19":0},"f":{"0":2,"1":0,"2":0,"3":0,"4":0,"5":0,"6":0,"7":1,"8":0},"b":{"0":[1,1],"1":[0,1],"2":[0,1],"3":[0,1],"4":[1,0],"5":[0,1],"6":[0,1],"7":[0,0],"8":[0,0],"9":[0,0],"10":[0,0],"11":[0,1]},"_coverageSchema":"332fd63041d2c1bcb487cc26dd0d5f7d97098a6c","hash":"9a14b6c14f7e694b6b770ffc8995d8daffb1d830"}
,"/Users/carl/code/knight/app/components/AppTombstone/index.js": {"path":"/Users/carl/code/knight/app/components/AppTombstone/index.js","statementMap":{"0":{"start":{"line":5,"column":15},"end":{"line":11,"column":1}},"1":{"start":{"line":6,"column":26},"end":{"line":10,"column":3}},"2":{"start":{"line":19,"column":30},"end":{"line":19,"column":42}}},"fnMap":{"0":{"name":"(anonymous_0)","decl":{"start":{"line":6,"column":11},"end":{"line":6,"column":12}},"loc":{"start":{"line":6,"column":26},"end":{"line":10,"column":3}},"line":6}},"branchMap":{},"s":{"0":1,"1":0,"2":1},"f":{"0":0},"b":{},"_coverageSchema":"332fd63041d2c1bcb487cc26dd0d5f7d97098a6c","hash":"052f1790b9d9e6c9236787dc6f7b872eaff2523c"}
,"/Users/carl/code/knight/app/components/Drawer/Drawer.js": {"path":"/Users/carl/code/knight/app/components/Drawer/Drawer.js","statementMap":{"0":{"start":{"line":21,"column":4},"end":{"line":23,"column":5}},"1":{"start":{"line":22,"column":6},"end":{"line":22,"column":17}},"2":{"start":{"line":33,"column":8},"end":{"line":33,"column":12}},"3":{"start":{"line":34,"column":4},"end":{"line":69,"column":5}}},"fnMap":{"0":{"name":"(anonymous_0)","decl":{"start":{"line":20,"column":2},"end":{"line":20,"column":3}},"loc":{"start":{"line":20,"column":11},"end":{"line":70,"column":3}},"line":20}},"branchMap":{"0":{"loc":{"start":{"line":21,"column":4},"end":{"line":23,"column":5}},"type":"if","locations":[{"start":{"line":21,"column":4},"end":{"line":23,"column":5}},{"start":{"line":21,"column":4},"end":{"line":23,"column":5}}],"line":21}},"s":{"0":0,"1":0,"2":0,"3":0},"f":{"0":0},"b":{"0":[0,0]},"_coverageSchema":"332fd63041d2c1bcb487cc26dd0d5f7d97098a6c","hash":"206bc0d5028cb5b44dda3a825615b6bd3116f5aa"}
,"/Users/carl/code/knight/app/components/Drawer/index.js": {"path":"/Users/carl/code/knight/app/components/Drawer/index.js","statementMap":{"0":{"start":{"line":5,"column":16},"end":{"line":11,"column":1}},"1":{"start":{"line":6,"column":26},"end":{"line":10,"column":3}}},"fnMap":{"0":{"name":"(anonymous_0)","decl":{"start":{"line":6,"column":11},"end":{"line":6,"column":12}},"loc":{"start":{"line":6,"column":26},"end":{"line":10,"column":3}},"line":6}},"branchMap":{},"s":{"0":2,"1":0},"f":{"0":0},"b":{},"_coverageSchema":"332fd63041d2c1bcb487cc26dd0d5f7d97098a6c","hash":"576bc265016d989400a647db3d12500837a2c784"}
,"/Users/carl/code/knight/app/components/Image/Image.js": {"path":"/Users/carl/code/knight/app/components/Image/Image.js","statementMap":{"0":{"start":{"line":17,"column":4},"end":{"line":19,"column":17}},"1":{"start":{"line":19,"column":6},"end":{"line":19,"column":17}},"2":{"start":{"line":21,"column":4},"end":{"line":23,"column":5}},"3":{"start":{"line":22,"column":6},"end":{"line":22,"column":17}},"4":{"start":{"line":44,"column":8},"end":{"line":44,"column":12}},"5":{"start":{"line":46,"column":4},"end":{"line":55,"column":5}},"6":{"start":{"line":47,"column":6},"end":{"line":54,"column":7}},"7":{"start":{"line":58,"column":4},"end":{"line":65,"column":5}},"8":{"start":{"line":83,"column":8},"end":{"line":83,"column":12}},"9":{"start":{"line":85,"column":21},"end":{"line":85,"column":42}},"10":{"start":{"line":87,"column":4},"end":{"line":87,"column":55}},"11":{"start":{"line":92,"column":12},"end":{"line":96,"column":1}},"12":{"start":{"line":93,"column":26},"end":{"line":93,"column":32}},"13":{"start":{"line":94,"column":24},"end":{"line":94,"column":29}},"14":{"start":{"line":98,"column":14},"end":{"line":104,"column":1}},"15":{"start":{"line":99,"column":24},"end":{"line":99,"column":28}},"16":{"start":{"line":100,"column":23},"end":{"line":100,"column":27}},"17":{"start":{"line":101,"column":40},"end":{"line":101,"column":95}}},"fnMap":{"0":{"name":"(anonymous_0)","decl":{"start":{"line":16,"column":2},"end":{"line":16,"column":3}},"loc":{"start":{"line":16,"column":12},"end":{"line":66,"column":3}},"line":16},"1":{"name":"(anonymous_1)","decl":{"start":{"line":68,"column":8},"end":{"line":68,"column":9}},"loc":{"start":{"line":68,"column":24},"end":{"line":88,"column":3}},"line":68},"2":{"name":"(anonymous_2)","decl":{"start":{"line":93,"column":12},"end":{"line":93,"column":13}},"loc":{"start":{"line":93,"column":26},"end":{"line":93,"column":32}},"line":93},"3":{"name":"(anonymous_3)","decl":{"start":{"line":94,"column":11},"end":{"line":94,"column":12}},"loc":{"start":{"line":94,"column":24},"end":{"line":94,"column":29}},"line":94},"4":{"name":"(anonymous_4)","decl":{"start":{"line":99,"column":12},"end":{"line":99,"column":13}},"loc":{"start":{"line":99,"column":24},"end":{"line":99,"column":28}},"line":99},"5":{"name":"(anonymous_5)","decl":{"start":{"line":100,"column":11},"end":{"line":100,"column":12}},"loc":{"start":{"line":100,"column":23},"end":{"line":100,"column":27}},"line":100},"6":{"name":"(anonymous_6)","decl":{"start":{"line":101,"column":17},"end":{"line":101,"column":18}},"loc":{"start":{"line":101,"column":40},"end":{"line":101,"column":95}},"line":101}},"branchMap":{"0":{"loc":{"start":{"line":17,"column":4},"end":{"line":19,"column":17}},"type":"if","locations":[{"start":{"line":17,"column":4},"end":{"line":19,"column":17}},{"start":{"line":17,"column":4},"end":{"line":19,"column":17}}],"line":17},"1":{"loc":{"start":{"line":21,"column":4},"end":{"line":23,"column":5}},"type":"if","locations":[{"start":{"line":21,"column":4},"end":{"line":23,"column":5}},{"start":{"line":21,"column":4},"end":{"line":23,"column":5}}],"line":21},"2":{"loc":{"start":{"line":46,"column":4},"end":{"line":55,"column":5}},"type":"if","locations":[{"start":{"line":46,"column":4},"end":{"line":55,"column":5}},{"start":{"line":46,"column":4},"end":{"line":55,"column":5}}],"line":46},"3":{"loc":{"start":{"line":85,"column":21},"end":{"line":85,"column":42}},"type":"binary-expr","locations":[{"start":{"line":85,"column":21},"end":{"line":85,"column":31}},{"start":{"line":85,"column":35},"end":{"line":85,"column":42}}],"line":85},"4":{"loc":{"start":{"line":101,"column":40},"end":{"line":101,"column":95}},"type":"cond-expr","locations":[{"start":{"line":101,"column":53},"end":{"line":101,"column":90}},{"start":{"line":101,"column":93},"end":{"line":101,"column":95}}],"line":101}},"s":{"0":0,"1":0,"2":0,"3":0,"4":0,"5":0,"6":0,"7":0,"8":0,"9":0,"10":0,"11":4,"12":0,"13":0,"14":4,"15":0,"16":0,"17":0},"f":{"0":0,"1":0,"2":0,"3":0,"4":0,"5":0,"6":0},"b":{"0":[0,0],"1":[0,0],"2":[0,0],"3":[0,0],"4":[0,0]},"_coverageSchema":"332fd63041d2c1bcb487cc26dd0d5f7d97098a6c","hash":"76e2accffccb6d888ba2a451f236946634779f16"}
,"/Users/carl/code/knight/app/components/Image/index.js": {"path":"/Users/carl/code/knight/app/components/Image/index.js","statementMap":{"0":{"start":{"line":5,"column":20},"end":{"line":11,"column":1}},"1":{"start":{"line":6,"column":27},"end":{"line":10,"column":3}},"2":{"start":{"line":15,"column":23},"end":{"line":17,"column":1}},"3":{"start":{"line":20,"column":14},"end":{"line":20,"column":46}}},"fnMap":{"0":{"name":"(anonymous_0)","decl":{"start":{"line":6,"column":11},"end":{"line":6,"column":12}},"loc":{"start":{"line":6,"column":27},"end":{"line":10,"column":3}},"line":6}},"branchMap":{},"s":{"0":4,"1":0,"2":4,"3":4},"f":{"0":0},"b":{},"_coverageSchema":"332fd63041d2c1bcb487cc26dd0d5f7d97098a6c","hash":"96dc3bd14c8738f26cb694daa09efc9b49e23bb6"}
,"/Users/carl/code/knight/app/components/Template/Template.js": {"path":"/Users/carl/code/knight/app/components/Template/Template.js","statementMap":{"0":{"start":{"line":19,"column":8},"end":{"line":19,"column":12}},"1":{"start":{"line":21,"column":4},"end":{"line":40,"column":5}},"2":{"start":{"line":45,"column":18},"end":{"line":51,"column":1}}},"fnMap":{"0":{"name":"(anonymous_0)","decl":{"start":{"line":11,"column":2},"end":{"line":11,"column":3}},"loc":{"start":{"line":11,"column":11},"end":{"line":41,"column":3}},"line":11}},"branchMap":{"0":{"loc":{"start":{"line":27,"column":13},"end":{"line":32,"column":19}},"type":"cond-expr","locations":[{"start":{"line":28,"column":14},"end":{"line":31,"column":16}},{"start":{"line":32,"column":15},"end":{"line":32,"column":19}}],"line":27}},"s":{"0":0,"1":0,"2":2},"f":{"0":0},"b":{"0":[0,0]},"_coverageSchema":"332fd63041d2c1bcb487cc26dd0d5f7d97098a6c","hash":"25b4b4cdad70cd2dd214fc6c77c07543209337f7"}
,"/Users/carl/code/knight/app/components/Zoomer/LeafletCss.js": {"path":"/Users/carl/code/knight/app/components/Zoomer/LeafletCss.js","statementMap":{"0":{"start":{"line":3,"column":22},"end":{"line":640,"column":1}}},"fnMap":{},"branchMap":{},"s":{"0":2},"f":{},"b":{},"_coverageSchema":"332fd63041d2c1bcb487cc26dd0d5f7d97098a6c","hash":"f93a3e5d8eadc56b81cdb4e992321886935b5b74"}
,"/Users/carl/code/knight/app/components/Zoomer/Zoomer.js": {"path":"/Users/carl/code/knight/app/components/Zoomer/Zoomer.js","statementMap":{"0":{"start":{"line":6,"column":10},"end":{"line":6,"column":66}},"1":{"start":{"line":21,"column":21},"end":{"line":21,"column":42}},"2":{"start":{"line":36,"column":4},"end":{"line":36,"column":16}},"3":{"start":{"line":41,"column":8},"end":{"line":41,"column":18}},"4":{"start":{"line":42,"column":4},"end":{"line":46,"column":5}},"5":{"start":{"line":50,"column":4},"end":{"line":50,"column":65}},"6":{"start":{"line":50,"column":54},"end":{"line":50,"column":65}},"7":{"start":{"line":52,"column":4},"end":{"line":58,"column":5}},"8":{"start":{"line":55,"column":30},"end":{"line":55,"column":50}},"9":{"start":{"line":63,"column":4},"end":{"line":76,"column":5}},"10":{"start":{"line":67,"column":6},"end":{"line":75,"column":7}},"11":{"start":{"line":70,"column":8},"end":{"line":74,"column":10}},"12":{"start":{"line":77,"column":4},"end":{"line":89,"column":5}},"13":{"start":{"line":84,"column":10},"end":{"line":84,"column":24}},"14":{"start":{"line":85,"column":6},"end":{"line":88,"column":8}},"15":{"start":{"line":90,"column":4},"end":{"line":108,"column":5}},"16":{"start":{"line":95,"column":6},"end":{"line":107,"column":7}},"17":{"start":{"line":98,"column":8},"end":{"line":106,"column":10}},"18":{"start":{"line":112,"column":4},"end":{"line":112,"column":16}},"19":{"start":{"line":117,"column":4},"end":{"line":146,"column":5}},"20":{"start":{"line":119,"column":6},"end":{"line":125,"column":7}},"21":{"start":{"line":124,"column":8},"end":{"line":124,"column":33}},"22":{"start":{"line":127,"column":6},"end":{"line":134,"column":7}},"23":{"start":{"line":133,"column":8},"end":{"line":133,"column":34}},"24":{"start":{"line":136,"column":6},"end":{"line":143,"column":7}},"25":{"start":{"line":142,"column":8},"end":{"line":142,"column":29}},"26":{"start":{"line":145,"column":6},"end":{"line":145,"column":23}},"27":{"start":{"line":152,"column":15},"end":{"line":152,"column":17}},"28":{"start":{"line":153,"column":15},"end":{"line":153,"column":17}},"29":{"start":{"line":158,"column":8},"end":{"line":158,"column":16}},"30":{"start":{"line":160,"column":4},"end":{"line":179,"column":5}},"31":{"start":{"line":164,"column":6},"end":{"line":167,"column":7}},"32":{"start":{"line":168,"column":6},"end":{"line":171,"column":7}},"33":{"start":{"line":175,"column":10},"end":{"line":175,"column":41}},"34":{"start":{"line":177,"column":6},"end":{"line":177,"column":48}},"35":{"start":{"line":177,"column":44},"end":{"line":177,"column":47}},"36":{"start":{"line":178,"column":6},"end":{"line":178,"column":48}},"37":{"start":{"line":178,"column":44},"end":{"line":178,"column":47}},"38":{"start":{"line":181,"column":16},"end":{"line":181,"column":33}},"39":{"start":{"line":182,"column":19},"end":{"line":182,"column":36}},"40":{"start":{"line":183,"column":17},"end":{"line":183,"column":34}},"41":{"start":{"line":184,"column":18},"end":{"line":184,"column":35}},"42":{"start":{"line":186,"column":28},"end":{"line":192,"column":5}},"43":{"start":{"line":193,"column":4},"end":{"line":193,"column":26}},"44":{"start":{"line":207,"column":8},"end":{"line":207,"column":28}},"45":{"start":{"line":208,"column":24},"end":{"line":213,"column":5}},"46":{"start":{"line":214,"column":4},"end":{"line":214,"column":22}},"47":{"start":{"line":220,"column":28},"end":{"line":223,"column":5}},"48":{"start":{"line":225,"column":4},"end":{"line":236,"column":5}},"49":{"start":{"line":228,"column":6},"end":{"line":228,"column":52}},"50":{"start":{"line":230,"column":6},"end":{"line":234,"column":8}},"51":{"start":{"line":235,"column":6},"end":{"line":235,"column":40}},"52":{"start":{"line":240,"column":21},"end":{"line":244,"column":5}},"53":{"start":{"line":245,"column":4},"end":{"line":245,"column":29}},"54":{"start":{"line":246,"column":4},"end":{"line":246,"column":31}},"55":{"start":{"line":251,"column":4},"end":{"line":267,"column":5}},"56":{"start":{"line":253,"column":6},"end":{"line":255,"column":8}},"57":{"start":{"line":257,"column":6},"end":{"line":257,"column":22}},"58":{"start":{"line":260,"column":6},"end":{"line":263,"column":8}},"59":{"start":{"line":266,"column":6},"end":{"line":266,"column":23}},"60":{"start":{"line":271,"column":4},"end":{"line":289,"column":5}},"61":{"start":{"line":276,"column":6},"end":{"line":276,"column":52}},"62":{"start":{"line":278,"column":6},"end":{"line":281,"column":7}},"63":{"start":{"line":283,"column":6},"end":{"line":286,"column":7}},"64":{"start":{"line":288,"column":6},"end":{"line":288,"column":40}},"65":{"start":{"line":294,"column":4},"end":{"line":323,"column":5}},"66":{"start":{"line":300,"column":6},"end":{"line":300,"column":40}},"67":{"start":{"line":301,"column":6},"end":{"line":301,"column":40}},"68":{"start":{"line":302,"column":6},"end":{"line":302,"column":22}},"69":{"start":{"line":304,"column":11},"end":{"line":323,"column":5}},"70":{"start":{"line":310,"column":6},"end":{"line":310,"column":50}},"71":{"start":{"line":312,"column":6},"end":{"line":312,"column":38}},"72":{"start":{"line":314,"column":6},"end":{"line":317,"column":7}},"73":{"start":{"line":319,"column":6},"end":{"line":322,"column":7}},"74":{"start":{"line":328,"column":4},"end":{"line":340,"column":5}},"75":{"start":{"line":333,"column":6},"end":{"line":333,"column":40}},"76":{"start":{"line":335,"column":6},"end":{"line":335,"column":31}},"77":{"start":{"line":336,"column":6},"end":{"line":336,"column":43}},"78":{"start":{"line":337,"column":6},"end":{"line":337,"column":50}},"79":{"start":{"line":339,"column":6},"end":{"line":339,"column":26}},"80":{"start":{"line":344,"column":4},"end":{"line":344,"column":20}},"81":{"start":{"line":345,"column":4},"end":{"line":345,"column":23}},"82":{"start":{"line":350,"column":4},"end":{"line":354,"column":6}},"83":{"start":{"line":358,"column":4},"end":{"line":361,"column":6}},"84":{"start":{"line":365,"column":4},"end":{"line":399,"column":5}},"85":{"start":{"line":367,"column":6},"end":{"line":369,"column":8}},"86":{"start":{"line":371,"column":6},"end":{"line":373,"column":24}},"87":{"start":{"line":376,"column":6},"end":{"line":379,"column":7}},"88":{"start":{"line":381,"column":6},"end":{"line":384,"column":7}},"89":{"start":{"line":386,"column":6},"end":{"line":389,"column":7}},"90":{"start":{"line":391,"column":6},"end":{"line":394,"column":8}},"91":{"start":{"line":398,"column":6},"end":{"line":398,"column":23}},"92":{"start":{"line":404,"column":4},"end":{"line":514,"column":5}},"93":{"start":{"line":406,"column":6},"end":{"line":408,"column":8}},"94":{"start":{"line":410,"column":6},"end":{"line":414,"column":7}},"95":{"start":{"line":413,"column":8},"end":{"line":413,"column":25}},"96":{"start":{"line":426,"column":10},"end":{"line":426,"column":14}},"97":{"start":{"line":428,"column":23},"end":{"line":430,"column":8}},"98":{"start":{"line":435,"column":10},"end":{"line":435,"column":31}},"99":{"start":{"line":437,"column":21},"end":{"line":437,"column":44}},"100":{"start":{"line":438,"column":23},"end":{"line":438,"column":26}},"101":{"start":{"line":440,"column":21},"end":{"line":440,"column":49}},"102":{"start":{"line":442,"column":20},"end":{"line":442,"column":39}},"103":{"start":{"line":444,"column":6},"end":{"line":450,"column":7}},"104":{"start":{"line":448,"column":8},"end":{"line":448,"column":27}},"105":{"start":{"line":449,"column":8},"end":{"line":449,"column":25}},"106":{"start":{"line":452,"column":15},"end":{"line":452,"column":33}},"107":{"start":{"line":453,"column":15},"end":{"line":453,"column":39}},"108":{"start":{"line":455,"column":21},"end":{"line":455,"column":43}},"109":{"start":{"line":457,"column":6},"end":{"line":462,"column":8}},"110":{"start":{"line":464,"column":24},"end":{"line":464,"column":47}},"111":{"start":{"line":466,"column":29},"end":{"line":466,"column":50}},"112":{"start":{"line":467,"column":30},"end":{"line":467,"column":52}},"113":{"start":{"line":469,"column":28},"end":{"line":469,"column":69}},"114":{"start":{"line":471,"column":26},"end":{"line":471,"column":61}},"115":{"start":{"line":473,"column":6},"end":{"line":483,"column":7}},"116":{"start":{"line":485,"column":6},"end":{"line":488,"column":7}},"117":{"start":{"line":490,"column":6},"end":{"line":501,"column":8}},"118":{"start":{"line":492,"column":22},"end":{"line":492,"column":36}},"119":{"start":{"line":494,"column":8},"end":{"line":500,"column":9}},"120":{"start":{"line":497,"column":10},"end":{"line":497,"column":38}},"121":{"start":{"line":499,"column":10},"end":{"line":499,"column":46}},"122":{"start":{"line":503,"column":6},"end":{"line":503,"column":32}},"123":{"start":{"line":505,"column":6},"end":{"line":505,"column":31}},"124":{"start":{"line":506,"column":6},"end":{"line":506,"column":32}},"125":{"start":{"line":508,"column":6},"end":{"line":510,"column":8}},"126":{"start":{"line":513,"column":6},"end":{"line":513,"column":23}},"127":{"start":{"line":518,"column":4},"end":{"line":523,"column":6}},"128":{"start":{"line":519,"column":6},"end":{"line":522,"column":7}},"129":{"start":{"line":528,"column":18},"end":{"line":545,"column":1}},"130":{"start":{"line":537,"column":37},"end":{"line":537,"column":65}},"131":{"start":{"line":538,"column":39},"end":{"line":538,"column":62}},"132":{"start":{"line":546,"column":0},"end":{"line":616,"column":1}},"133":{"start":{"line":548,"column":2},"end":{"line":596,"column":4}},"134":{"start":{"line":552,"column":6},"end":{"line":552,"column":27}},"135":{"start":{"line":553,"column":6},"end":{"line":553,"column":25}},"136":{"start":{"line":554,"column":6},"end":{"line":554,"column":26}},"137":{"start":{"line":556,"column":6},"end":{"line":556,"column":46}},"138":{"start":{"line":557,"column":6},"end":{"line":557,"column":52}},"139":{"start":{"line":559,"column":6},"end":{"line":563,"column":7}},"140":{"start":{"line":562,"column":15},"end":{"line":562,"column":43}},"141":{"start":{"line":565,"column":6},"end":{"line":565,"column":24}},"142":{"start":{"line":570,"column":6},"end":{"line":575,"column":7}},"143":{"start":{"line":573,"column":8},"end":{"line":573,"column":30}},"144":{"start":{"line":574,"column":8},"end":{"line":574,"column":29}},"145":{"start":{"line":576,"column":6},"end":{"line":581,"column":7}},"146":{"start":{"line":579,"column":8},"end":{"line":579,"column":30}},"147":{"start":{"line":580,"column":8},"end":{"line":580,"column":29}},"148":{"start":{"line":583,"column":6},"end":{"line":588,"column":7}},"149":{"start":{"line":586,"column":8},"end":{"line":586,"column":28}},"150":{"start":{"line":587,"column":8},"end":{"line":587,"column":27}},"151":{"start":{"line":590,"column":6},"end":{"line":594,"column":7}},"152":{"start":{"line":591,"column":8},"end":{"line":591,"column":27}},"153":{"start":{"line":592,"column":8},"end":{"line":592,"column":49}},"154":{"start":{"line":593,"column":8},"end":{"line":593,"column":48}},"155":{"start":{"line":598,"column":2},"end":{"line":600,"column":3}},"156":{"start":{"line":599,"column":4},"end":{"line":599,"column":41}},"157":{"start":{"line":602,"column":2},"end":{"line":611,"column":4}},"158":{"start":{"line":604,"column":17},"end":{"line":604,"column":46}},"159":{"start":{"line":605,"column":18},"end":{"line":605,"column":47}},"160":{"start":{"line":606,"column":6},"end":{"line":606,"column":80}},"161":{"start":{"line":607,"column":6},"end":{"line":607,"column":43}},"162":{"start":{"line":608,"column":6},"end":{"line":608,"column":29}},"163":{"start":{"line":609,"column":6},"end":{"line":609,"column":17}},"164":{"start":{"line":613,"column":2},"end":{"line":615,"column":3}},"165":{"start":{"line":614,"column":4},"end":{"line":614,"column":42}}},"fnMap":{"0":{"name":"(anonymous_0)","decl":{"start":{"line":35,"column":2},"end":{"line":35,"column":3}},"loc":{"start":{"line":35,"column":20},"end":{"line":47,"column":3}},"line":35},"1":{"name":"(anonymous_1)","decl":{"start":{"line":49,"column":2},"end":{"line":49,"column":3}},"loc":{"start":{"line":49,"column":11},"end":{"line":59,"column":3}},"line":49},"2":{"name":"(anonymous_2)","decl":{"start":{"line":55,"column":20},"end":{"line":55,"column":21}},"loc":{"start":{"line":55,"column":30},"end":{"line":55,"column":50}},"line":55},"3":{"name":"(anonymous_3)","decl":{"start":{"line":61,"column":2},"end":{"line":61,"column":3}},"loc":{"start":{"line":61,"column":38},"end":{"line":109,"column":3}},"line":61},"4":{"name":"(anonymous_4)","decl":{"start":{"line":111,"column":2},"end":{"line":111,"column":3}},"loc":{"start":{"line":111,"column":22},"end":{"line":113,"column":3}},"line":111},"5":{"name":"(anonymous_5)","decl":{"start":{"line":116,"column":10},"end":{"line":116,"column":11}},"loc":{"start":{"line":116,"column":21},"end":{"line":147,"column":3}},"line":116},"6":{"name":"(anonymous_6)","decl":{"start":{"line":150,"column":2},"end":{"line":150,"column":3}},"loc":{"start":{"line":150,"column":24},"end":{"line":194,"column":3}},"line":150},"7":{"name":"(anonymous_7)","decl":{"start":{"line":177,"column":29},"end":{"line":177,"column":30}},"loc":{"start":{"line":177,"column":44},"end":{"line":177,"column":47}},"line":177},"8":{"name":"(anonymous_8)","decl":{"start":{"line":178,"column":29},"end":{"line":178,"column":30}},"loc":{"start":{"line":178,"column":44},"end":{"line":178,"column":47}},"line":178},"9":{"name":"(anonymous_9)","decl":{"start":{"line":196,"column":2},"end":{"line":196,"column":3}},"loc":{"start":{"line":196,"column":19},"end":{"line":215,"column":3}},"line":196},"10":{"name":"(anonymous_10)","decl":{"start":{"line":218,"column":14},"end":{"line":218,"column":15}},"loc":{"start":{"line":218,"column":20},"end":{"line":237,"column":3}},"line":218},"11":{"name":"(anonymous_11)","decl":{"start":{"line":239,"column":17},"end":{"line":239,"column":18}},"loc":{"start":{"line":239,"column":23},"end":{"line":247,"column":3}},"line":239},"12":{"name":"(anonymous_12)","decl":{"start":{"line":250,"column":13},"end":{"line":250,"column":14}},"loc":{"start":{"line":250,"column":25},"end":{"line":268,"column":3}},"line":250},"13":{"name":"(anonymous_13)","decl":{"start":{"line":270,"column":20},"end":{"line":270,"column":21}},"loc":{"start":{"line":270,"column":34},"end":{"line":290,"column":3}},"line":270},"14":{"name":"(anonymous_14)","decl":{"start":{"line":292,"column":20},"end":{"line":292,"column":21}},"loc":{"start":{"line":292,"column":34},"end":{"line":324,"column":3}},"line":292},"15":{"name":"(anonymous_15)","decl":{"start":{"line":326,"column":17},"end":{"line":326,"column":18}},"loc":{"start":{"line":326,"column":31},"end":{"line":341,"column":3}},"line":326},"16":{"name":"(anonymous_16)","decl":{"start":{"line":343,"column":18},"end":{"line":343,"column":19}},"loc":{"start":{"line":343,"column":24},"end":{"line":346,"column":3}},"line":343},"17":{"name":"(anonymous_17)","decl":{"start":{"line":349,"column":2},"end":{"line":349,"column":3}},"loc":{"start":{"line":349,"column":17},"end":{"line":355,"column":3}},"line":349},"18":{"name":"(anonymous_18)","decl":{"start":{"line":357,"column":17},"end":{"line":357,"column":18}},"loc":{"start":{"line":357,"column":29},"end":{"line":362,"column":3}},"line":357},"19":{"name":"(anonymous_19)","decl":{"start":{"line":364,"column":18},"end":{"line":364,"column":19}},"loc":{"start":{"line":364,"column":30},"end":{"line":400,"column":3}},"line":364},"20":{"name":"(anonymous_20)","decl":{"start":{"line":403,"column":17},"end":{"line":403,"column":18}},"loc":{"start":{"line":403,"column":29},"end":{"line":515,"column":3}},"line":403},"21":{"name":"(anonymous_21)","decl":{"start":{"line":490,"column":31},"end":{"line":490,"column":32}},"loc":{"start":{"line":490,"column":38},"end":{"line":501,"column":7}},"line":490},"22":{"name":"(anonymous_22)","decl":{"start":{"line":517,"column":17},"end":{"line":517,"column":18}},"loc":{"start":{"line":517,"column":31},"end":{"line":524,"column":3}},"line":517},"23":{"name":"(anonymous_23)","decl":{"start":{"line":518,"column":24},"end":{"line":518,"column":25}},"loc":{"start":{"line":518,"column":45},"end":{"line":523,"column":5}},"line":518},"24":{"name":"(anonymous_24)","decl":{"start":{"line":537,"column":24},"end":{"line":537,"column":25}},"loc":{"start":{"line":537,"column":37},"end":{"line":537,"column":65}},"line":537},"25":{"name":"(anonymous_25)","decl":{"start":{"line":538,"column":26},"end":{"line":538,"column":27}},"loc":{"start":{"line":538,"column":39},"end":{"line":538,"column":62}},"line":538},"26":{"name":"(anonymous_26)","decl":{"start":{"line":562,"column":8},"end":{"line":562,"column":9}},"loc":{"start":{"line":562,"column":15},"end":{"line":562,"column":43}},"line":562},"27":{"name":"(anonymous_27)","decl":{"start":{"line":598,"column":22},"end":{"line":598,"column":23}},"loc":{"start":{"line":598,"column":39},"end":{"line":600,"column":3}},"line":598},"28":{"name":"(anonymous_28)","decl":{"start":{"line":613,"column":23},"end":{"line":613,"column":24}},"loc":{"start":{"line":613,"column":40},"end":{"line":615,"column":3}},"line":613}},"branchMap":{"0":{"loc":{"start":{"line":6,"column":10},"end":{"line":6,"column":66}},"type":"cond-expr","locations":[{"start":{"line":6,"column":41},"end":{"line":6,"column":59}},{"start":{"line":6,"column":62},"end":{"line":6,"column":66}}],"line":6},"1":{"loc":{"start":{"line":44,"column":13},"end":{"line":44,"column":44}},"type":"cond-expr","locations":[{"start":{"line":44,"column":24},"end":{"line":44,"column":36}},{"start":{"line":44,"column":39},"end":{"line":44,"column":44}}],"line":44},"2":{"loc":{"start":{"line":45,"column":16},"end":{"line":45,"column":46}},"type":"cond-expr","locations":[{"start":{"line":45,"column":25},"end":{"line":45,"column":38}},{"start":{"line":45,"column":41},"end":{"line":45,"column":46}}],"line":45},"3":{"loc":{"start":{"line":50,"column":4},"end":{"line":50,"column":65}},"type":"if","locations":[{"start":{"line":50,"column":4},"end":{"line":50,"column":65}},{"start":{"line":50,"column":4},"end":{"line":50,"column":65}}],"line":50},"4":{"loc":{"start":{"line":50,"column":8},"end":{"line":50,"column":52}},"type":"binary-expr","locations":[{"start":{"line":50,"column":8},"end":{"line":50,"column":31}},{"start":{"line":50,"column":35},"end":{"line":50,"column":52}}],"line":50},"5":{"loc":{"start":{"line":63,"column":4},"end":{"line":76,"column":5}},"type":"if","locations":[{"start":{"line":63,"column":4},"end":{"line":76,"column":5}},{"start":{"line":63,"column":4},"end":{"line":76,"column":5}}],"line":63},"6":{"loc":{"start":{"line":64,"column":6},"end":{"line":65,"column":26}},"type":"binary-expr","locations":[{"start":{"line":64,"column":6},"end":{"line":64,"column":25}},{"start":{"line":65,"column":6},"end":{"line":65,"column":26}}],"line":64},"7":{"loc":{"start":{"line":67,"column":6},"end":{"line":75,"column":7}},"type":"if","locations":[{"start":{"line":67,"column":6},"end":{"line":75,"column":7}},{"start":{"line":67,"column":6},"end":{"line":75,"column":7}}],"line":67},"8":{"loc":{"start":{"line":77,"column":4},"end":{"line":89,"column":5}},"type":"if","locations":[{"start":{"line":77,"column":4},"end":{"line":89,"column":5}},{"start":{"line":77,"column":4},"end":{"line":89,"column":5}}],"line":77},"9":{"loc":{"start":{"line":78,"column":6},"end":{"line":78,"column":50}},"type":"binary-expr","locations":[{"start":{"line":78,"column":6},"end":{"line":78,"column":23}},{"start":{"line":78,"column":27},"end":{"line":78,"column":50}}],"line":78},"10":{"loc":{"start":{"line":86,"column":15},"end":{"line":86,"column":46}},"type":"cond-expr","locations":[{"start":{"line":86,"column":26},"end":{"line":86,"column":38}},{"start":{"line":86,"column":41},"end":{"line":86,"column":46}}],"line":86},"11":{"loc":{"start":{"line":87,"column":18},"end":{"line":87,"column":47}},"type":"cond-expr","locations":[{"start":{"line":87,"column":27},"end":{"line":87,"column":40}},{"start":{"line":87,"column":42},"end":{"line":87,"column":47}}],"line":87},"12":{"loc":{"start":{"line":90,"column":4},"end":{"line":108,"column":5}},"type":"if","locations":[{"start":{"line":90,"column":4},"end":{"line":108,"column":5}},{"start":{"line":90,"column":4},"end":{"line":108,"column":5}}],"line":90},"13":{"loc":{"start":{"line":91,"column":6},"end":{"line":93,"column":27}},"type":"binary-expr","locations":[{"start":{"line":91,"column":6},"end":{"line":91,"column":22}},{"start":{"line":92,"column":6},"end":{"line":92,"column":28}},{"start":{"line":93,"column":6},"end":{"line":93,"column":27}}],"line":91},"14":{"loc":{"start":{"line":95,"column":6},"end":{"line":107,"column":7}},"type":"if","locations":[{"start":{"line":95,"column":6},"end":{"line":107,"column":7}},{"start":{"line":95,"column":6},"end":{"line":107,"column":7}}],"line":95},"15":{"loc":{"start":{"line":119,"column":6},"end":{"line":125,"column":7}},"type":"if","locations":[{"start":{"line":119,"column":6},"end":{"line":125,"column":7}},{"start":{"line":119,"column":6},"end":{"line":125,"column":7}}],"line":119},"16":{"loc":{"start":{"line":120,"column":8},"end":{"line":122,"column":32}},"type":"binary-expr","locations":[{"start":{"line":120,"column":8},"end":{"line":120,"column":31}},{"start":{"line":121,"column":8},"end":{"line":121,"column":31}},{"start":{"line":122,"column":8},"end":{"line":122,"column":32}}],"line":120},"17":{"loc":{"start":{"line":127,"column":6},"end":{"line":134,"column":7}},"type":"if","locations":[{"start":{"line":127,"column":6},"end":{"line":134,"column":7}},{"start":{"line":127,"column":6},"end":{"line":134,"column":7}}],"line":127},"18":{"loc":{"start":{"line":128,"column":8},"end":{"line":131,"column":34}},"type":"binary-expr","locations":[{"start":{"line":128,"column":8},"end":{"line":128,"column":30}},{"start":{"line":129,"column":8},"end":{"line":129,"column":23}},{"start":{"line":130,"column":8},"end":{"line":130,"column":34}},{"start":{"line":131,"column":8},"end":{"line":131,"column":34}}],"line":128},"19":{"loc":{"start":{"line":136,"column":6},"end":{"line":143,"column":7}},"type":"if","locations":[{"start":{"line":136,"column":6},"end":{"line":143,"column":7}},{"start":{"line":136,"column":6},"end":{"line":143,"column":7}}],"line":136},"20":{"loc":{"start":{"line":137,"column":8},"end":{"line":140,"column":35}},"type":"binary-expr","locations":[{"start":{"line":137,"column":8},"end":{"line":137,"column":30}},{"start":{"line":138,"column":8},"end":{"line":138,"column":27}},{"start":{"line":139,"column":8},"end":{"line":139,"column":35}},{"start":{"line":140,"column":8},"end":{"line":140,"column":35}}],"line":137},"21":{"loc":{"start":{"line":160,"column":4},"end":{"line":179,"column":5}},"type":"if","locations":[{"start":{"line":160,"column":4},"end":{"line":179,"column":5}},{"start":{"line":160,"column":4},"end":{"line":179,"column":5}}],"line":160},"22":{"loc":{"start":{"line":161,"column":6},"end":{"line":162,"column":13}},"type":"binary-expr","locations":[{"start":{"line":161,"column":6},"end":{"line":161,"column":15}},{"start":{"line":162,"column":6},"end":{"line":162,"column":13}}],"line":161},"23":{"loc":{"start":{"line":225,"column":4},"end":{"line":236,"column":5}},"type":"if","locations":[{"start":{"line":225,"column":4},"end":{"line":236,"column":5}},{"start":{"line":225,"column":4},"end":{"line":236,"column":5}}],"line":225},"24":{"loc":{"start":{"line":271,"column":4},"end":{"line":289,"column":5}},"type":"if","locations":[{"start":{"line":271,"column":4},"end":{"line":289,"column":5}},{"start":{"line":271,"column":4},"end":{"line":289,"column":5}}],"line":271},"25":{"loc":{"start":{"line":272,"column":6},"end":{"line":273,"column":23}},"type":"binary-expr","locations":[{"start":{"line":272,"column":6},"end":{"line":272,"column":25}},{"start":{"line":273,"column":6},"end":{"line":273,"column":23}}],"line":272},"26":{"loc":{"start":{"line":294,"column":4},"end":{"line":323,"column":5}},"type":"if","locations":[{"start":{"line":294,"column":4},"end":{"line":323,"column":5}},{"start":{"line":294,"column":4},"end":{"line":323,"column":5}}],"line":294},"27":{"loc":{"start":{"line":295,"column":6},"end":{"line":297,"column":22}},"type":"binary-expr","locations":[{"start":{"line":295,"column":6},"end":{"line":295,"column":23}},{"start":{"line":296,"column":6},"end":{"line":296,"column":24}},{"start":{"line":297,"column":6},"end":{"line":297,"column":22}}],"line":295},"28":{"loc":{"start":{"line":304,"column":11},"end":{"line":323,"column":5}},"type":"if","locations":[{"start":{"line":304,"column":11},"end":{"line":323,"column":5}},{"start":{"line":304,"column":11},"end":{"line":323,"column":5}}],"line":304},"29":{"loc":{"start":{"line":305,"column":6},"end":{"line":307,"column":23}},"type":"binary-expr","locations":[{"start":{"line":305,"column":6},"end":{"line":305,"column":23}},{"start":{"line":306,"column":6},"end":{"line":306,"column":24}},{"start":{"line":307,"column":6},"end":{"line":307,"column":23}}],"line":305},"30":{"loc":{"start":{"line":328,"column":4},"end":{"line":340,"column":5}},"type":"if","locations":[{"start":{"line":328,"column":4},"end":{"line":340,"column":5}},{"start":{"line":328,"column":4},"end":{"line":340,"column":5}}],"line":328},"31":{"loc":{"start":{"line":329,"column":6},"end":{"line":330,"column":23}},"type":"binary-expr","locations":[{"start":{"line":329,"column":6},"end":{"line":329,"column":22}},{"start":{"line":330,"column":6},"end":{"line":330,"column":23}}],"line":329},"32":{"loc":{"start":{"line":410,"column":6},"end":{"line":414,"column":7}},"type":"if","locations":[{"start":{"line":410,"column":6},"end":{"line":414,"column":7}},{"start":{"line":410,"column":6},"end":{"line":414,"column":7}}],"line":410},"33":{"loc":{"start":{"line":445,"column":8},"end":{"line":446,"column":24}},"type":"binary-expr","locations":[{"start":{"line":445,"column":8},"end":{"line":445,"column":25}},{"start":{"line":446,"column":8},"end":{"line":446,"column":24}}],"line":445},"34":{"loc":{"start":{"line":494,"column":8},"end":{"line":500,"column":9}},"type":"if","locations":[{"start":{"line":494,"column":8},"end":{"line":500,"column":9}},{"start":{"line":494,"column":8},"end":{"line":500,"column":9}}],"line":494},"35":{"loc":{"start":{"line":546,"column":0},"end":{"line":616,"column":1}},"type":"if","locations":[{"start":{"line":546,"column":0},"end":{"line":616,"column":1}},{"start":{"line":546,"column":0},"end":{"line":616,"column":1}}],"line":546},"36":{"loc":{"start":{"line":570,"column":6},"end":{"line":575,"column":7}},"type":"if","locations":[{"start":{"line":570,"column":6},"end":{"line":575,"column":7}},{"start":{"line":570,"column":6},"end":{"line":575,"column":7}}],"line":570},"37":{"loc":{"start":{"line":576,"column":6},"end":{"line":581,"column":7}},"type":"if","locations":[{"start":{"line":576,"column":6},"end":{"line":581,"column":7}},{"start":{"line":576,"column":6},"end":{"line":581,"column":7}}],"line":576},"38":{"loc":{"start":{"line":583,"column":6},"end":{"line":588,"column":7}},"type":"if","locations":[{"start":{"line":583,"column":6},"end":{"line":588,"column":7}},{"start":{"line":583,"column":6},"end":{"line":588,"column":7}}],"line":583},"39":{"loc":{"start":{"line":590,"column":6},"end":{"line":594,"column":7}},"type":"if","locations":[{"start":{"line":590,"column":6},"end":{"line":594,"column":7}},{"start":{"line":590,"column":6},"end":{"line":594,"column":7}}],"line":590}},"s":{"0":2,"1":0,"2":0,"3":0,"4":0,"5":0,"6":0,"7":0,"8":0,"9":0,"10":0,"11":0,"12":0,"13":0,"14":0,"15":0,"16":0,"17":0,"18":0,"19":0,"20":0,"21":0,"22":0,"23":0,"24":0,"25":0,"26":0,"27":0,"28":0,"29":0,"30":0,"31":0,"32":0,"33":0,"34":0,"35":0,"36":0,"37":0,"38":0,"39":0,"40":0,"41":0,"42":0,"43":0,"44":0,"45":0,"46":0,"47":0,"48":0,"49":0,"50":0,"51":0,"52":0,"53":0,"54":0,"55":0,"56":0,"57":0,"58":0,"59":0,"60":0,"61":0,"62":0,"63":0,"64":0,"65":0,"66":0,"67":0,"68":0,"69":0,"70":0,"71":0,"72":0,"73":0,"74":0,"75":0,"76":0,"77":0,"78":0,"79":0,"80":0,"81":0,"82":0,"83":0,"84":0,"85":0,"86":0,"87":0,"88":0,"89":0,"90":0,"91":0,"92":0,"93":0,"94":0,"95":0,"96":0,"97":0,"98":0,"99":0,"100":0,"101":0,"102":0,"103":0,"104":0,"105":0,"106":0,"107":0,"108":0,"109":0,"110":0,"111":0,"112":0,"113":0,"114":0,"115":0,"116":0,"117":0,"118":0,"119":0,"120":0,"121":0,"122":0,"123":0,"124":0,"125":0,"126":0,"127":0,"128":0,"129":2,"130":0,"131":0,"132":2,"133":2,"134":0,"135":0,"136":0,"137":0,"138":0,"139":0,"140":0,"141":0,"142":0,"143":0,"144":0,"145":0,"146":0,"147":0,"148":0,"149":0,"150":0,"151":0,"152":0,"153":0,"154":0,"155":2,"156":0,"157":2,"158":0,"159":0,"160":0,"161":0,"162":0,"163":0,"164":2,"165":0},"f":{"0":0,"1":0,"2":0,"3":0,"4":0,"5":0,"6":0,"7":0,"8":0,"9":0,"10":0,"11":0,"12":0,"13":0,"14":0,"15":0,"16":0,"17":0,"18":0,"19":0,"20":0,"21":0,"22":0,"23":0,"24":0,"25":0,"26":0,"27":0,"28":0},"b":{"0":[2,0],"1":[0,0],"2":[0,0],"3":[0,0],"4":[0,0],"5":[0,0],"6":[0,0],"7":[0,0],"8":[0,0],"9":[0,0],"10":[0,0],"11":[0,0],"12":[0,0],"13":[0,0,0],"14":[0,0],"15":[0,0],"16":[0,0,0],"17":[0,0],"18":[0,0,0,0],"19":[0,0],"20":[0,0,0,0],"21":[0,0],"22":[0,0],"23":[0,0],"24":[0,0],"25":[0,0],"26":[0,0],"27":[0,0,0],"28":[0,0],"29":[0,0,0],"30":[0,0],"31":[0,0],"32":[0,0],"33":[0,0],"34":[0,0],"35":[2,0],"36":[0,0],"37":[0,0],"38":[0,0],"39":[0,0]},"_coverageSchema":"332fd63041d2c1bcb487cc26dd0d5f7d97098a6c","hash":"3752a2655eb80d3b780113711a630b6a6924fa36"}
,"/Users/carl/code/knight/app/components/Zoomer/index.js": {"path":"/Users/carl/code/knight/app/components/Zoomer/index.js","statementMap":{"0":{"start":{"line":5,"column":20},"end":{"line":13,"column":1}},"1":{"start":{"line":6,"column":60},"end":{"line":12,"column":3}},"2":{"start":{"line":16,"column":14},"end":{"line":16,"column":46}}},"fnMap":{"0":{"name":"(anonymous_0)","decl":{"start":{"line":6,"column":11},"end":{"line":6,"column":12}},"loc":{"start":{"line":6,"column":60},"end":{"line":12,"column":3}},"line":6}},"branchMap":{"0":{"loc":{"start":{"line":6,"column":13},"end":{"line":6,"column":25}},"type":"default-arg","locations":[{"start":{"line":6,"column":23},"end":{"line":6,"column":25}}],"line":6},"1":{"loc":{"start":{"line":6,"column":27},"end":{"line":6,"column":40}},"type":"default-arg","locations":[{"start":{"line":6,"column":38},"end":{"line":6,"column":40}}],"line":6},"2":{"loc":{"start":{"line":6,"column":42},"end":{"line":6,"column":53}},"type":"default-arg","locations":[{"start":{"line":6,"column":51},"end":{"line":6,"column":53}}],"line":6}},"s":{"0":2,"1":0,"2":2},"f":{"0":0},"b":{"0":[0],"1":[0],"2":[0]},"_coverageSchema":"332fd63041d2c1bcb487cc26dd0d5f7d97098a6c","hash":"f7dd28b9982b5bc984d6048a254b837a5dfdc984"}
,"/Users/carl/code/knight/app/config/index.js": {"path":"/Users/carl/code/knight/app/config/index.js","statementMap":{"0":{"start":{"line":3,"column":4},"end":{"line":3,"column":15}},"1":{"start":{"line":11,"column":0},"end":{"line":27,"column":1}},"2":{"start":{"line":13,"column":4},"end":{"line":13,"column":41}},"3":{"start":{"line":14,"column":4},"end":{"line":14,"column":48}},"4":{"start":{"line":15,"column":4},"end":{"line":15,"column":37}},"5":{"start":{"line":16,"column":4},"end":{"line":16,"column":34}},"6":{"start":{"line":17,"column":4},"end":{"line":17,"column":38}},"7":{"start":{"line":18,"column":4},"end":{"line":18,"column":9}},"8":{"start":{"line":21,"column":4},"end":{"line":21,"column":36}},"9":{"start":{"line":22,"column":4},"end":{"line":22,"column":48}},"10":{"start":{"line":23,"column":4},"end":{"line":23,"column":37}},"11":{"start":{"line":24,"column":4},"end":{"line":24,"column":33}},"12":{"start":{"line":25,"column":4},"end":{"line":25,"column":38}}},"fnMap":{},"branchMap":{"0":{"loc":{"start":{"line":11,"column":0},"end":{"line":27,"column":1}},"type":"switch","locations":[{"start":{"line":12,"column":2},"end":{"line":19,"column":3}},{"start":{"line":20,"column":2},"end":{"line":26,"column":3}}],"line":11}},"s":{"0":5,"1":5,"2":0,"3":0,"4":0,"5":0,"6":0,"7":0,"8":5,"9":5,"10":5,"11":5,"12":5},"f":{},"b":{"0":[0,5]},"_coverageSchema":"332fd63041d2c1bcb487cc26dd0d5f7d97098a6c","hash":"d78b05f70bdbb880c93c047a237fa441078c6bfb"}
,"/Users/carl/code/knight/app/ui/buttons.js": {"path":"/Users/carl/code/knight/app/ui/buttons.js","statementMap":{"0":{"start":{"line":4,"column":22},"end":{"line":30,"column":1}},"1":{"start":{"line":5,"column":32},"end":{"line":5,"column":101}},"2":{"start":{"line":6,"column":36},"end":{"line":6,"column":86}},"3":{"start":{"line":8,"column":30},"end":{"line":8,"column":46}},"4":{"start":{"line":15,"column":31},"end":{"line":15,"column":92}}},"fnMap":{"0":{"name":"(anonymous_0)","decl":{"start":{"line":5,"column":12},"end":{"line":5,"column":13}},"loc":{"start":{"line":5,"column":32},"end":{"line":5,"column":101}},"line":5},"1":{"name":"(anonymous_1)","decl":{"start":{"line":6,"column":16},"end":{"line":6,"column":17}},"loc":{"start":{"line":6,"column":36},"end":{"line":6,"column":86}},"line":6},"2":{"name":"(anonymous_2)","decl":{"start":{"line":8,"column":17},"end":{"line":8,"column":18}},"loc":{"start":{"line":8,"column":30},"end":{"line":8,"column":46}},"line":8},"3":{"name":"(anonymous_3)","decl":{"start":{"line":15,"column":11},"end":{"line":15,"column":12}},"loc":{"start":{"line":15,"column":31},"end":{"line":15,"column":92}},"line":15}},"branchMap":{"0":{"loc":{"start":{"line":5,"column":32},"end":{"line":5,"column":101}},"type":"cond-expr","locations":[{"start":{"line":5,"column":54},"end":{"line":5,"column":92}},{"start":{"line":5,"column":95},"end":{"line":5,"column":101}}],"line":5},"1":{"loc":{"start":{"line":6,"column":36},"end":{"line":6,"column":86}},"type":"cond-expr","locations":[{"start":{"line":6,"column":46},"end":{"line":6,"column":65}},{"start":{"line":6,"column":68},"end":{"line":6,"column":86}}],"line":6},"2":{"loc":{"start":{"line":15,"column":31},"end":{"line":15,"column":92}},"type":"cond-expr","locations":[{"start":{"line":15,"column":53},"end":{"line":15,"column":71}},{"start":{"line":15,"column":74},"end":{"line":15,"column":92}}],"line":15}},"s":{"0":2,"1":0,"2":0,"3":0,"4":0},"f":{"0":0,"1":0,"2":0,"3":0},"b":{"0":[0,0],"1":[0,0],"2":[0,0]},"_coverageSchema":"332fd63041d2c1bcb487cc26dd0d5f7d97098a6c","hash":"6a37d636ebc01afc9063327a28055cc985bc3bb3"}
[...]
,"/Users/carl/code/knight/app/ui/menus.js": {"path":"/Users/carl/code/knight/app/ui/menus.js","statementMap":{"0":{"start":{"line":5,"column":24},"end":{"line":11,"column":1}},"1":{"start":{"line":13,"column":11},"end":{"line":23,"column":1}},"2":{"start":{"line":17,"column":35},"end":{"line":17,"column":53}},"3":{"start":{"line":21,"column":37},"end":{"line":21,"column":54}},"4":{"start":{"line":25,"column":24},"end":{"line":34,"column":1}},"5":{"start":{"line":26,"column":2},"end":{"line":33,"column":7}}},"fnMap":{"0":{"name":"(anonymous_0)","decl":{"start":{"line":17,"column":22},"end":{"line":17,"column":23}},"loc":{"start":{"line":17,"column":35},"end":{"line":17,"column":53}},"line":17},"1":{"name":"(anonymous_1)","decl":{"start":{"line":21,"column":24},"end":{"line":21,"column":25}},"loc":{"start":{"line":21,"column":37},"end":{"line":21,"column":54}},"line":21},"2":{"name":"(anonymous_2)","decl":{"start":{"line":25,"column":24},"end":{"line":25,"column":25}},"loc":{"start":{"line":26,"column":2},"end":{"line":33,"column":7}},"line":26}},"branchMap":{},"s":{"0":2,"1":2,"2":0,"3":0,"4":2,"5":0},"f":{"0":0,"1":0,"2":0},"b":{},"_coverageSchema":"332fd63041d2c1bcb487cc26dd0d5f7d97098a6c","hash":"e5d48f9f00de1ee98bb4b684a3ea1ee2c99ea4e5"}
,"/Users/carl/code/knight/app/ui/search.js": {"path":"/Users/carl/code/knight/app/ui/search.js","statementMap":{"0":{"start":{"line":3,"column":22},"end":{"line":15,"column":1}},"1":{"start":{"line":6,"column":32},"end":{"line":6,"column":75}},"2":{"start":{"line":7,"column":30},"end":{"line":7,"column":47}}},"fnMap":{"0":{"name":"(anonymous_0)","decl":{"start":{"line":6,"column":19},"end":{"line":6,"column":20}},"loc":{"start":{"line":6,"column":32},"end":{"line":6,"column":75}},"line":6},"1":{"name":"(anonymous_1)","decl":{"start":{"line":7,"column":17},"end":{"line":7,"column":18}},"loc":{"start":{"line":7,"column":30},"end":{"line":7,"column":47}},"line":7}},"branchMap":{},"s":{"0":1,"1":0,"2":0},"f":{"0":0,"1":0},"b":{},"_coverageSchema":"332fd63041d2c1bcb487cc26dd0d5f7d97098a6c","hash":"e5d87c822626f93d198566a4abec978d96fb18be"}
,"/Users/carl/code/knight/app/ui/spinner.js": {"path":"/Users/carl/code/knight/app/ui/spinner.js","statementMap":{"0":{"start":{"line":3,"column":13},"end":{"line":11,"column":1}},"1":{"start":{"line":13,"column":23},"end":{"line":20,"column":1}},"2":{"start":{"line":16,"column":35},"end":{"line":16,"column":53}},"3":{"start":{"line":22,"column":16},"end":{"line":32,"column":1}},"4":{"start":{"line":31,"column":35},"end":{"line":31,"column":63}},"5":{"start":{"line":34,"column":23},"end":{"line":40,"column":1}},"6":{"start":{"line":35,"column":2},"end":{"line":39,"column":3}}},"fnMap":{"0":{"name":"(anonymous_0)","decl":{"start":{"line":16,"column":22},"end":{"line":16,"column":23}},"loc":{"start":{"line":16,"column":35},"end":{"line":16,"column":53}},"line":16},"1":{"name":"(anonymous_1)","decl":{"start":{"line":31,"column":22},"end":{"line":31,"column":23}},"loc":{"start":{"line":31,"column":35},"end":{"line":31,"column":63}},"line":31},"2":{"name":"(anonymous_2)","decl":{"start":{"line":34,"column":23},"end":{"line":34,"column":24}},"loc":{"start":{"line":34,"column":34},"end":{"line":40,"column":1}},"line":34}},"branchMap":{},"s":{"0":2,"1":2,"2":3,"3":2,"4":3,"5":2,"6":5},"f":{"0":3,"1":3,"2":5},"b":{},"_coverageSchema":"332fd63041d2c1bcb487cc26dd0d5f7d97098a6c","hash":"682659aa84bb98f8b7908bdd2b48e37ffd5bc0c6"}
,"/Users/carl/code/knight/app/ui/tabs.js": {"path":"/Users/carl/code/knight/app/ui/tabs.js","statementMap":{"0":{"start":{"line":27,"column":8},"end":{"line":27,"column":12}},"1":{"start":{"line":29,"column":30},"end":{"line":35,"column":5}},"2":{"start":{"line":31,"column":18},"end":{"line":34,"column":8}},"3":{"start":{"line":36,"column":4},"end":{"line":40,"column":5}},"4":{"start":{"line":45,"column":4},"end":{"line":45,"column":32}},"5":{"start":{"line":49,"column":4},"end":{"line":49,"column":41}},"6":{"start":{"line":65,"column":8},"end":{"line":65,"column":12}},"7":{"start":{"line":67,"column":30},"end":{"line":73,"column":5}},"8":{"start":{"line":69,"column":18},"end":{"line":72,"column":8}},"9":{"start":{"line":74,"column":4},"end":{"line":78,"column":5}},"10":{"start":{"line":95,"column":8},"end":{"line":95,"column":12}},"11":{"start":{"line":96,"column":4},"end":{"line":103,"column":5}},"12":{"start":{"line":99,"column":21},"end":{"line":99,"column":36}},"13":{"start":{"line":119,"column":8},"end":{"line":119,"column":12}},"14":{"start":{"line":121,"column":4},"end":{"line":121,"column":41}},"15":{"start":{"line":121,"column":30},"end":{"line":121,"column":41}},"16":{"start":{"line":123,"column":4},"end":{"line":129,"column":5}},"17":{"start":{"line":133,"column":18},"end":{"line":137,"column":1}},"18":{"start":{"line":139,"column":24},"end":{"line":146,"column":1}},"19":{"start":{"line":148,"column":18},"end":{"line":163,"column":1}},"20":{"start":{"line":154,"column":42},"end":{"line":154,"column":132}},"21":{"start":{"line":157,"column":40},"end":{"line":157,"column":90}},"22":{"start":{"line":158,"column":34},"end":{"line":158,"column":89}},"23":{"start":{"line":160,"column":37},"end":{"line":160,"column":55}},"24":{"start":{"line":161,"column":32},"end":{"line":161,"column":48}},"25":{"start":{"line":165,"column":25},"end":{"line":170,"column":1}},"26":{"start":{"line":166,"column":29},"end":{"line":166,"column":57}}},"fnMap":{"0":{"name":"(anonymous_0)","decl":{"start":{"line":16,"column":2},"end":{"line":16,"column":3}},"loc":{"start":{"line":16,"column":10},"end":{"line":41,"column":3}},"line":16},"1":{"name":"(anonymous_1)","decl":{"start":{"line":31,"column":6},"end":{"line":31,"column":7}},"loc":{"start":{"line":31,"column":18},"end":{"line":34,"column":8}},"line":31},"2":{"name":"(anonymous_2)","decl":{"start":{"line":44,"column":2},"end":{"line":44,"column":3}},"loc":{"start":{"line":44,"column":42},"end":{"line":46,"column":3}},"line":44},"3":{"name":"(anonymous_3)","decl":{"start":{"line":48,"column":14},"end":{"line":48,"column":15}},"loc":{"start":{"line":48,"column":27},"end":{"line":50,"column":3}},"line":48},"4":{"name":"(anonymous_4)","decl":{"start":{"line":57,"column":2},"end":{"line":57,"column":3}},"loc":{"start":{"line":57,"column":10},"end":{"line":79,"column":3}},"line":57},"5":{"name":"(anonymous_5)","decl":{"start":{"line":69,"column":6},"end":{"line":69,"column":7}},"loc":{"start":{"line":69,"column":18},"end":{"line":72,"column":8}},"line":69},"6":{"name":"(anonymous_6)","decl":{"start":{"line":87,"column":2},"end":{"line":87,"column":3}},"loc":{"start":{"line":87,"column":10},"end":{"line":104,"column":3}},"line":87},"7":{"name":"(anonymous_7)","decl":{"start":{"line":99,"column":17},"end":{"line":99,"column":18}},"loc":{"start":{"line":99,"column":21},"end":{"line":99,"column":36}},"line":99},"8":{"name":"(anonymous_8)","decl":{"start":{"line":112,"column":2},"end":{"line":112,"column":3}},"loc":{"start":{"line":112,"column":10},"end":{"line":130,"column":3}},"line":112},"9":{"name":"(anonymous_9)","decl":{"start":{"line":154,"column":19},"end":{"line":154,"column":20}},"loc":{"start":{"line":154,"column":42},"end":{"line":154,"column":132}},"line":154},"10":{"name":"(anonymous_10)","decl":{"start":{"line":157,"column":17},"end":{"line":157,"column":18}},"loc":{"start":{"line":157,"column":40},"end":{"line":157,"column":90}},"line":157},"11":{"name":"(anonymous_11)","decl":{"start":{"line":158,"column":11},"end":{"line":158,"column":12}},"loc":{"start":{"line":158,"column":34},"end":{"line":158,"column":89}},"line":158},"12":{"name":"(anonymous_12)","decl":{"start":{"line":160,"column":24},"end":{"line":160,"column":25}},"loc":{"start":{"line":160,"column":37},"end":{"line":160,"column":55}},"line":160},"13":{"name":"(anonymous_13)","decl":{"start":{"line":161,"column":19},"end":{"line":161,"column":20}},"loc":{"start":{"line":161,"column":32},"end":{"line":161,"column":48}},"line":161},"14":{"name":"(anonymous_14)","decl":{"start":{"line":166,"column":13},"end":{"line":166,"column":14}},"loc":{"start":{"line":166,"column":29},"end":{"line":166,"column":57}},"line":166}},"branchMap":{"0":{"loc":{"start":{"line":121,"column":4},"end":{"line":121,"column":41}},"type":"if","locations":[{"start":{"line":121,"column":4},"end":{"line":121,"column":41}},{"start":{"line":121,"column":4},"end":{"line":121,"column":41}}],"line":121},"1":{"loc":{"start":{"line":154,"column":42},"end":{"line":154,"column":132}},"type":"cond-expr","locations":[{"start":{"line":154,"column":55},"end":{"line":154,"column":87}},{"start":{"line":154,"column":89},"end":{"line":154,"column":132}}],"line":154},"2":{"loc":{"start":{"line":157,"column":40},"end":{"line":157,"column":90}},"type":"cond-expr","locations":[{"start":{"line":157,"column":53},"end":{"line":157,"column":69}},{"start":{"line":157,"column":71},"end":{"line":157,"column":90}}],"line":157},"3":{"loc":{"start":{"line":158,"column":34},"end":{"line":158,"column":89}},"type":"cond-expr","locations":[{"start":{"line":158,"column":47},"end":{"line":158,"column":65}},{"start":{"line":158,"column":68},"end":{"line":158,"column":89}}],"line":158},"4":{"loc":{"start":{"line":166,"column":29},"end":{"line":166,"column":57}},"type":"cond-expr","locations":[{"start":{"line":166,"column":42},"end":{"line":166,"column":48}},{"start":{"line":166,"column":51},"end":{"line":166,"column":57}}],"line":166}},"s":{"0":0,"1":0,"2":0,"3":0,"4":0,"5":0,"6":0,"7":0,"8":0,"9":0,"10":0,"11":0,"12":0,"13":0,"14":0,"15":0,"16":0,"17":1,"18":1,"19":1,"20":0,"21":0,"22":0,"23":0,"24":0,"25":1,"26":0},"f":{"0":0,"1":0,"2":0,"3":0,"4":0,"5":0,"6":0,"7":0,"8":0,"9":0,"10":0,"11":0,"12":0,"13":0,"14":0},"b":{"0":[0,0],"1":[0,0],"2":[0,0],"3":[0,0],"4":[0,0]},"_coverageSchema":"332fd63041d2c1bcb487cc26dd0d5f7d97098a6c","hash":"525da9ab08b22e79468d379d5e7f1ae434a91fe1"}
,"/Users/carl/code/knight/app/ui/theme.js": {"path":"/Users/carl/code/knight/app/ui/theme.js","statementMap":{"0":{"start":{"line":23,"column":14},"end":{"line":44,"column":1}}},"fnMap":{},"branchMap":{},"s":{"0":4},"f":{},"b":{},"_coverageSchema":"332fd63041d2c1bcb487cc26dd0d5f7d97098a6c","hash":"eef353d8432143e4ae75d38b674325316220bce9"}
,"/Users/carl/code/knight/app/ui/video.js": {"path":"/Users/carl/code/knight/app/ui/video.js","statementMap":{"0":{"start":{"line":3,"column":20},"end":{"line":3,"column":82}},"1":{"start":{"line":16,"column":4},"end":{"line":16,"column":16}},"2":{"start":{"line":17,"column":4},"end":{"line":24,"column":5}},"3":{"start":{"line":18,"column":20},"end":{"line":18,"column":67}},"4":{"start":{"line":19,"column":6},"end":{"line":23,"column":7}},"5":{"start":{"line":20,"column":8},"end":{"line":22,"column":9}},"6":{"start":{"line":30,"column":8},"end":{"line":30,"column":18}},"7":{"start":{"line":32,"column":4},"end":{"line":32,"column":41}},"8":{"start":{"line":32,"column":30},"end":{"line":32,"column":41}},"9":{"start":{"line":34,"column":4},"end":{"line":39,"column":5}},"10":{"start":{"line":36,"column":26},"end":{"line":36,"column":46}},"11":{"start":{"line":48,"column":8},"end":{"line":48,"column":12}},"12":{"start":{"line":50,"column":4},"end":{"line":55,"column":5}},"13":{"start":{"line":51,"column":21},"end":{"line":54,"column":8}},"14":{"start":{"line":59,"column":4},"end":{"line":68,"column":5}},"15":{"start":{"line":60,"column":20},"end":{"line":60,"column":22}},"16":{"start":{"line":61,"column":6},"end":{"line":66,"column":7}},"17":{"start":{"line":62,"column":8},"end":{"line":62,"column":59}},"18":{"start":{"line":63,"column":8},"end":{"line":65,"column":9}},"19":{"start":{"line":64,"column":10},"end":{"line":64,"column":22}},"20":{"start":{"line":67,"column":6},"end":{"line":67,"column":30}},"21":{"start":{"line":74,"column":8},"end":{"line":74,"column":18}},"22":{"start":{"line":77,"column":4},"end":{"line":82,"column":5}},"23":{"start":{"line":78,"column":21},"end":{"line":81,"column":8}},"24":{"start":{"line":87,"column":18},"end":{"line":93,"column":1}}},"fnMap":{"0":{"name":"(anonymous_0)","decl":{"start":{"line":15,"column":2},"end":{"line":15,"column":3}},"loc":{"start":{"line":15,"column":20},"end":{"line":25,"column":3}},"line":15},"1":{"name":"(anonymous_1)","decl":{"start":{"line":27,"column":2},"end":{"line":27,"column":3}},"loc":{"start":{"line":27,"column":10},"end":{"line":40,"column":3}},"line":27},"2":{"name":"(anonymous_2)","decl":{"start":{"line":36,"column":18},"end":{"line":36,"column":19}},"loc":{"start":{"line":36,"column":25},"end":{"line":36,"column":47}},"line":36},"3":{"name":"(anonymous_3)","decl":{"start":{"line":42,"column":2},"end":{"line":42,"column":3}},"loc":{"start":{"line":42,"column":21},"end":{"line":56,"column":3}},"line":42},"4":{"name":"(anonymous_4)","decl":{"start":{"line":58,"column":2},"end":{"line":58,"column":3}},"loc":{"start":{"line":58,"column":34},"end":{"line":69,"column":3}},"line":58},"5":{"name":"(anonymous_5)","decl":{"start":{"line":71,"column":2},"end":{"line":71,"column":3}},"loc":{"start":{"line":71,"column":22},"end":{"line":83,"column":3}},"line":71}},"branchMap":{"0":{"loc":{"start":{"line":3,"column":20},"end":{"line":3,"column":82}},"type":"cond-expr","locations":[{"start":{"line":3,"column":51},"end":{"line":3,"column":75}},{"start":{"line":3,"column":78},"end":{"line":3,"column":82}}],"line":3},"1":{"loc":{"start":{"line":17,"column":4},"end":{"line":24,"column":5}},"type":"if","locations":[{"start":{"line":17,"column":4},"end":{"line":24,"column":5}},{"start":{"line":17,"column":4},"end":{"line":24,"column":5}}],"line":17},"2":{"loc":{"start":{"line":19,"column":6},"end":{"line":23,"column":7}},"type":"if","locations":[{"start":{"line":19,"column":6},"end":{"line":23,"column":7}},{"start":{"line":19,"column":6},"end":{"line":23,"column":7}}],"line":19},"3":{"loc":{"start":{"line":32,"column":4},"end":{"line":32,"column":41}},"type":"if","locations":[{"start":{"line":32,"column":4},"end":{"line":32,"column":41}},{"start":{"line":32,"column":4},"end":{"line":32,"column":41}}],"line":32},"4":{"loc":{"start":{"line":50,"column":4},"end":{"line":55,"column":5}},"type":"if","locations":[{"start":{"line":50,"column":4},"end":{"line":55,"column":5}},{"start":{"line":50,"column":4},"end":{"line":55,"column":5}}],"line":50},"5":{"loc":{"start":{"line":59,"column":4},"end":{"line":68,"column":5}},"type":"if","locations":[{"start":{"line":59,"column":4},"end":{"line":68,"column":5}},{"start":{"line":59,"column":4},"end":{"line":68,"column":5}}],"line":59},"6":{"loc":{"start":{"line":61,"column":6},"end":{"line":66,"column":7}},"type":"if","locations":[{"start":{"line":61,"column":6},"end":{"line":66,"column":7}},{"start":{"line":61,"column":6},"end":{"line":66,"column":7}}],"line":61},"7":{"loc":{"start":{"line":63,"column":8},"end":{"line":65,"column":9}},"type":"if","locations":[{"start":{"line":63,"column":8},"end":{"line":65,"column":9}},{"start":{"line":63,"column":8},"end":{"line":65,"column":9}}],"line":63},"8":{"loc":{"start":{"line":77,"column":4},"end":{"line":82,"column":5}},"type":"if","locations":[{"start":{"line":77,"column":4},"end":{"line":82,"column":5}},{"start":{"line":77,"column":4},"end":{"line":82,"column":5}}],"line":77}},"s":{"0":1,"1":0,"2":0,"3":0,"4":0,"5":0,"6":0,"7":0,"8":0,"9":0,"10":0,"11":0,"12":0,"13":0,"14":0,"15":0,"16":0,"17":0,"18":0,"19":0,"20":0,"21":0,"22":0,"23":0,"24":1},"f":{"0":0,"1":0,"2":0,"3":0,"4":0,"5":0},"b":{"0":[1,0],"1":[0,0],"2":[0,0],"3":[0,0],"4":[0,0],"5":[0,0],"6":[0,0],"7":[0,0],"8":[0,0]},"_coverageSchema":"332fd63041d2c1bcb487cc26dd0d5f7d97098a6c","hash":"c003f428728e9e2d38f1e8b6158fc112daf7ccc5"}
,"/Users/carl/code/knight/app/utils/setupTests.js": {"path":"/Users/carl/code/knight/app/utils/setupTests.js","statementMap":{"0":{"start":{"line":7,"column":26},"end":{"line":7,"column":51}},"1":{"start":{"line":8,"column":2},"end":{"line":21,"column":3}},"2":{"start":{"line":10,"column":6},"end":{"line":19,"column":7}}},"fnMap":{"0":{"name":"(anonymous_0)","decl":{"start":{"line":6,"column":15},"end":{"line":6,"column":16}},"loc":{"start":{"line":6,"column":40},"end":{"line":22,"column":1}},"line":6},"1":{"name":"(anonymous_1)","decl":{"start":{"line":9,"column":4},"end":{"line":9,"column":5}},"loc":{"start":{"line":9,"column":12},"end":{"line":20,"column":5}},"line":9}},"branchMap":{},"s":{"0":2,"1":2,"2":2},"f":{"0":2,"1":2},"b":{},"_coverageSchema":"332fd63041d2c1bcb487cc26dd0d5f7d97098a6c","hash":"c16962d2318b32f5191d29d778125683f4c3bd71"}
,"/Users/carl/code/knight/app/utils/validators.js": {"path":"/Users/carl/code/knight/app/utils/validators.js","statementMap":{"0":{"start":{"line":2,"column":13},"end":{"line":4,"column":3}},"1":{"start":{"line":7,"column":2},"end":{"line":9,"column":3}},"2":{"start":{"line":8,"column":4},"end":{"line":8,"column":56}},"3":{"start":{"line":10,"column":2},"end":{"line":12,"column":3}},"4":{"start":{"line":11,"column":4},"end":{"line":11,"column":66}},"5":{"start":{"line":14,"column":2},"end":{"line":18,"column":3}},"6":{"start":{"line":15,"column":4},"end":{"line":15,"column":21}},"7":{"start":{"line":17,"column":4},"end":{"line":17,"column":22}},"8":{"start":{"line":20,"column":2},"end":{"line":20,"column":13}}},"fnMap":{"0":{"name":"validateUuid","decl":{"start":{"line":1,"column":16},"end":{"line":1,"column":28}},"loc":{"start":{"line":1,"column":34},"end":{"line":21,"column":1}},"line":1}},"branchMap":{"0":{"loc":{"start":{"line":7,"column":2},"end":{"line":9,"column":3}},"type":"if","locations":[{"start":{"line":7,"column":2},"end":{"line":9,"column":3}},{"start":{"line":7,"column":2},"end":{"line":9,"column":3}}],"line":7},"1":{"loc":{"start":{"line":10,"column":2},"end":{"line":12,"column":3}},"type":"if","locations":[{"start":{"line":10,"column":2},"end":{"line":12,"column":3}},{"start":{"line":10,"column":2},"end":{"line":12,"column":3}}],"line":10},"2":{"loc":{"start":{"line":14,"column":2},"end":{"line":18,"column":3}},"type":"if","locations":[{"start":{"line":14,"column":2},"end":{"line":18,"column":3}},{"start":{"line":14,"column":2},"end":{"line":18,"column":3}}],"line":14}},"s":{"0":0,"1":0,"2":0,"3":0,"4":0,"5":0,"6":0,"7":0,"8":0},"f":{"0":0},"b":{"0":[0,0],"1":[0,0],"2":[0,0]},"_coverageSchema":"332fd63041d2c1bcb487cc26dd0d5f7d97098a6c","hash":"554a0e37fdc9ebd31014dfc69675c2bd32f8d8c5"}
}
