TN:
SF:/Users/carl/code/knight/app/apollo/initApollo.js
FN:12,create
FN:26,initApollo
FNF:2
FNH:2
FNDA:2,create
FNDA:2,initApollo
DA:5,1
DA:8,1
DA:9,1
DA:13,2
DA:29,2
DA:30,2
DA:34,0
DA:35,0
DA:38,0
LF:9
LH:6
BRDA:8,0,0,1
BRDA:8,0,1,0
BRDA:29,1,0,2
BRDA:29,1,1,0
BRDA:34,2,0,0
BRDA:34,2,1,0
BRF:6
BRH:2
end_of_record
TN:
SF:/Users/carl/code/knight/app/apollo/withData.js
FN:8,getComponentDisplayName
FN:12,(anonymous_1)
FN:19,(anonymous_2)
FN:67,(anonymous_3)
FN:72,(anonymous_4)
FNF:5
FNH:4
FNDA:2,getComponentDisplayName
FNDA:2,(anonymous_1)
FNDA:0,(anonymous_2)
FNDA:2,(anonymous_3)
FNDA:2,(anonymous_4)
DA:9,2
DA:13,2
DA:20,0
DA:23,0
DA:24,0
DA:25,0
DA:30,0
DA:31,0
DA:33,0
DA:34,0
DA:36,0
DA:48,0
DA:51,0
DA:53,0
DA:61,0
DA:68,2
DA:69,2
DA:73,2
LF:18
LH:5
BRDA:9,0,0,2
BRDA:9,0,1,0
BRDA:9,0,2,0
BRDA:24,1,0,0
BRDA:24,1,1,0
BRDA:30,2,0,0
BRDA:30,2,1,0
BRF:7
BRH:1
end_of_record
TN:
SF:/Users/carl/code/knight/app/auth/index.js
FN:6,createLock
FN:15,hashToCookies
FN:30,getIDToken
FN:48,logout
FNF:4
FNH:0
FNDA:0,createLock
FNDA:0,hashToCookies
FNDA:0,getIDToken
FNDA:0,logout
DA:7,0
DA:16,0
DA:17,0
DA:18,0
DA:19,0
DA:20,0
DA:24,0
DA:31,0
DA:32,0
DA:36,0
DA:37,0
DA:40,0
DA:43,0
DA:49,0
DA:50,0
DA:51,0
DA:52,0
DA:54,0
LF:18
LH:0
BRDA:32,0,0,0
BRDA:32,0,1,0
BRDA:33,1,0,0
BRDA:33,1,1,0
BRDA:37,2,0,0
BRDA:37,2,1,0
BRF:6
BRH:0
end_of_record
TN:
SF:/Users/carl/code/knight/app/components/AppBook/AppBook.js
FN:22,(anonymous_0)
FN:41,(anonymous_1)
FN:48,(anonymous_2)
FN:55,(anonymous_3)
FN:83,(anonymous_4)
FN:85,(anonymous_5)
FN:90,(anonymous_6)
FN:141,(anonymous_7)
FN:142,(anonymous_8)
FNF:9
FNH:2
FNDA:1,(anonymous_0)
FNDA:1,(anonymous_1)
FNDA:0,(anonymous_2)
FNDA:0,(anonymous_3)
FNDA:0,(anonymous_4)
FNDA:0,(anonymous_5)
FNDA:0,(anonymous_6)
FNDA:0,(anonymous_7)
FNDA:0,(anonymous_8)
DA:24,1
DA:39,1
DA:41,1
DA:43,1
DA:48,0
DA:55,0
DA:85,0
DA:86,0
DA:102,0
DA:104,0
DA:106,0
DA:107,0
DA:109,0
DA:110,0
DA:113,0
DA:123,1
DA:128,1
DA:135,1
DA:141,0
DA:142,0
DA:146,1
LF:21
LH:8
BRDA:24,0,0,0
BRDA:24,0,1,1
BRDA:46,1,0,0
BRDA:46,1,1,1
BRDA:53,2,0,0
BRDA:53,2,1,1
BRDA:109,3,0,0
BRDA:109,3,1,0
BRDA:109,4,0,0
BRDA:109,4,1,0
BRF:10
BRH:3
end_of_record
TN:
SF:/Users/carl/code/knight/app/components/AppClip/AppClip.js
FN:14,(anonymous_0)
FN:35,(anonymous_1)
FNF:2
FNH:1
FNDA:1,(anonymous_0)
FNDA:0,(anonymous_1)
DA:11,0
DA:16,1
DA:30,1
DA:32,1
DA:35,0
DA:56,3
DA:68,3
LF:7
LH:5
BRDA:16,0,0,0
BRDA:16,0,1,1
BRDA:41,1,0,0
BRDA:41,1,1,1
BRF:4
BRH:2
end_of_record
TN:
SF:/Users/carl/code/knight/app/components/AppClip/index.js
FN:6,(anonymous_0)
FNF:1
FNH:0
FNDA:0,(anonymous_0)
DA:5,2
DA:6,0
DA:19,2
LF:3
LH:2
BRF:0
BRH:0
end_of_record
TN:
SF:/Users/carl/code/knight/app/components/AppDetail/AppDetail.js
FN:15,(anonymous_0)
FN:54,(anonymous_1)
FN:72,(anonymous_2)
FNF:3
FNH:1
FNDA:1,(anonymous_0)
FNDA:0,(anonymous_1)
FNDA:0,(anonymous_2)
DA:12,0
DA:17,1
DA:35,1
DA:37,1
DA:55,0
DA:84,0
DA:86,0
DA:87,0
DA:94,2
DA:103,2
DA:108,2
LF:11
LH:6
BRDA:17,0,0,0
BRDA:17,0,1,1
BRDA:42,1,0,0
BRDA:42,1,1,1
BRDA:52,2,0,0
BRDA:52,2,1,1
BRF:6
BRH:3
end_of_record
TN:
SF:/Users/carl/code/knight/app/components/AppDetail/index.js
FN:6,(anonymous_0)
FNF:1
FNH:0
FNDA:0,(anonymous_0)
DA:5,1
DA:6,0
DA:19,1
LF:3
LH:2
BRF:0
BRH:0
end_of_record
TN:
SF:/Users/carl/code/knight/app/components/AppHome/AppHome.js
FN:21,(anonymous_0)
FN:55,(anonymous_1)
FNF:2
FNH:1
FNDA:1,(anonymous_0)
FNDA:0,(anonymous_1)
DA:32,1
DA:34,1
DA:55,0
DA:59,1
LF:4
LH:3
BRF:0
BRH:0
end_of_record
TN:
SF:/Users/carl/code/knight/app/components/AppItem/AppItem.js
FN:32,(anonymous_0)
FN:91,(anonymous_1)
FN:108,(anonymous_2)
FN:153,(anonymous_3)
FN:157,(anonymous_4)
FN:187,(anonymous_5)
FNF:6
FNH:1
FNDA:2,(anonymous_0)
FNDA:0,(anonymous_1)
FNDA:0,(anonymous_2)
FNDA:0,(anonymous_3)
FNDA:0,(anonymous_4)
FNDA:0,(anonymous_5)
DA:33,2
DA:55,0
DA:57,0
DA:92,0
DA:109,0
DA:154,0
DA:158,0
DA:163,1
DA:172,1
DA:181,1
DA:186,1
DA:187,0
DA:197,1
LF:13
LH:6
BRDA:33,0,0,2
BRDA:33,0,1,0
BRDA:124,1,0,0
BRDA:124,1,1,0
BRDA:137,2,0,0
BRDA:137,2,1,0
BRDA:137,3,0,0
BRDA:137,3,1,0
BRDA:142,4,0,0
BRDA:142,4,1,0
BRDA:142,5,0,0
BRDA:142,5,1,0
BRF:12
BRH:1
end_of_record
TN:
SF:/Users/carl/code/knight/app/components/AppItemList/AppItemList.js
FN:8,(anonymous_0)
FN:22,(anonymous_1)
FNF:2
FNH:0
FNDA:0,(anonymous_0)
FNDA:0,(anonymous_1)
DA:10,0
DA:19,0
DA:20,0
DA:23,0
DA:46,1
LF:5
LH:1
BRDA:10,0,0,0
BRDA:10,0,1,0
BRF:2
BRH:0
end_of_record
TN:
SF:/Users/carl/code/knight/app/components/AppItemList/index.js
FN:7,(anonymous_0)
FNF:1
FNH:0
FNDA:0,(anonymous_0)
DA:6,1
DA:7,0
LF:2
LH:1
BRF:0
BRH:0
end_of_record
TN:
SF:/Users/carl/code/knight/app/components/AppPage/AppPage.js
FN:12,(anonymous_0)
FNF:1
FNH:0
FNDA:0,(anonymous_0)
DA:14,0
DA:29,0
DA:31,0
DA:67,1
DA:72,1
DA:81,1
LF:6
LH:3
BRDA:14,0,0,0
BRDA:14,0,1,0
BRDA:34,1,0,0
BRDA:34,1,1,0
BRDA:34,2,0,0
BRDA:34,2,1,0
BRDA:39,3,0,0
BRDA:39,3,1,0
BRDA:39,4,0,0
BRDA:39,4,1,0
BRDA:44,5,0,0
BRDA:44,5,1,0
BRDA:44,6,0,0
BRDA:44,6,1,0
BRF:14
BRH:0
end_of_record
TN:
SF:/Users/carl/code/knight/app/components/AppPage/index.js
FN:6,(anonymous_0)
FNF:1
FNH:0
FNDA:0,(anonymous_0)
DA:5,1
DA:6,0
DA:19,1
LF:3
LH:2
BRF:0
BRH:0
end_of_record
TN:
SF:/Users/carl/code/knight/app/components/AppTombstone/AppTombstone.js
FN:22,(anonymous_0)
FN:106,(anonymous_1)
FN:106,(anonymous_2)
FN:126,(anonymous_3)
FN:132,(anonymous_4)
FN:139,(anonymous_5)
FN:146,(anonymous_6)
FN:153,(anonymous_7)
FN:167,(anonymous_8)
FNF:9
FNH:2
FNDA:2,(anonymous_0)
FNDA:0,(anonymous_1)
FNDA:0,(anonymous_2)
FNDA:0,(anonymous_3)
FNDA:0,(anonymous_4)
FNDA:0,(anonymous_5)
FNDA:0,(anonymous_6)
FNDA:1,(anonymous_7)
FNDA:0,(anonymous_8)
DA:24,2
DA:45,1
DA:47,1
DA:106,0
DA:118,2
DA:125,2
DA:126,0
DA:131,2
DA:132,0
DA:138,2
DA:139,0
DA:145,2
DA:146,0
DA:152,2
DA:153,1
DA:160,2
DA:166,2
DA:167,0
LF:18
LH:12
BRDA:24,0,0,1
BRDA:24,0,1,1
BRDA:50,1,0,0
BRDA:50,1,1,1
BRDA:56,2,0,0
BRDA:56,2,1,1
BRDA:62,3,0,0
BRDA:62,3,1,1
BRDA:62,4,0,1
BRDA:62,4,1,0
BRDA:68,5,0,0
BRDA:68,5,1,1
BRDA:74,6,0,0
BRDA:74,6,1,1
BRDA:77,7,0,0
BRDA:77,7,1,0
BRDA:83,8,0,0
BRDA:83,8,1,0
BRDA:89,9,0,0
BRDA:89,9,1,0
BRDA:95,10,0,0
BRDA:95,10,1,0
BRDA:108,11,0,0
BRDA:108,11,1,1
BRF:24
BRH:9
end_of_record
TN:
SF:/Users/carl/code/knight/app/components/AppTombstone/index.js
FN:6,(anonymous_0)
FNF:1
FNH:0
FNDA:0,(anonymous_0)
DA:5,1
DA:6,0
DA:19,1
LF:3
LH:2
BRF:0
BRH:0
end_of_record
TN:
SF:/Users/carl/code/knight/app/components/Drawer/Drawer.js
FN:20,(anonymous_0)
FNF:1
FNH:0
FNDA:0,(anonymous_0)
DA:21,0
DA:22,0
DA:33,0
DA:34,0
LF:4
LH:0
BRDA:21,0,0,0
BRDA:21,0,1,0
BRF:2
BRH:0
end_of_record
TN:
SF:/Users/carl/code/knight/app/components/Drawer/index.js
FN:6,(anonymous_0)
FNF:1
FNH:0
FNDA:0,(anonymous_0)
DA:5,2
DA:6,0
LF:2
LH:1
BRF:0
BRH:0
end_of_record
TN:
SF:/Users/carl/code/knight/app/components/Image/Image.js
FN:16,(anonymous_0)
FN:68,(anonymous_1)
FN:93,(anonymous_2)
FN:94,(anonymous_3)
FN:99,(anonymous_4)
FN:100,(anonymous_5)
FN:101,(anonymous_6)
FNF:7
FNH:0
FNDA:0,(anonymous_0)
FNDA:0,(anonymous_1)
FNDA:0,(anonymous_2)
FNDA:0,(anonymous_3)
FNDA:0,(anonymous_4)
FNDA:0,(anonymous_5)
FNDA:0,(anonymous_6)
DA:17,0
DA:19,0
DA:21,0
DA:22,0
DA:44,0
DA:46,0
DA:47,0
DA:58,0
DA:83,0
DA:85,0
DA:87,0
DA:92,4
DA:93,0
DA:94,0
DA:98,4
DA:99,0
DA:100,0
DA:101,0
LF:18
LH:2
BRDA:17,0,0,0
BRDA:17,0,1,0
BRDA:21,1,0,0
BRDA:21,1,1,0
BRDA:46,2,0,0
BRDA:46,2,1,0
BRDA:85,3,0,0
BRDA:85,3,1,0
BRDA:101,4,0,0
BRDA:101,4,1,0
BRF:10
BRH:0
end_of_record
TN:
SF:/Users/carl/code/knight/app/components/Image/index.js
FN:6,(anonymous_0)
FNF:1
FNH:0
FNDA:0,(anonymous_0)
DA:5,4
DA:6,0
DA:15,4
DA:20,4
LF:4
LH:3
BRF:0
BRH:0
end_of_record
TN:
SF:/Users/carl/code/knight/app/components/Template/Template.js
FN:11,(anonymous_0)
FNF:1
FNH:0
FNDA:0,(anonymous_0)
DA:19,0
DA:21,0
DA:45,2
LF:3
LH:1
BRDA:27,0,0,0
BRDA:27,0,1,0
BRF:2
BRH:0
end_of_record
TN:
SF:/Users/carl/code/knight/app/components/Zoomer/LeafletCss.js
FNF:0
FNH:0
DA:3,2
LF:1
LH:1
BRF:0
BRH:0
end_of_record
TN:
SF:/Users/carl/code/knight/app/components/Zoomer/Zoomer.js
FN:35,(anonymous_0)
FN:49,(anonymous_1)
FN:55,(anonymous_2)
FN:61,(anonymous_3)
FN:111,(anonymous_4)
FN:116,(anonymous_5)
FN:150,(anonymous_6)
FN:177,(anonymous_7)
FN:178,(anonymous_8)
FN:196,(anonymous_9)
FN:218,(anonymous_10)
FN:239,(anonymous_11)
FN:250,(anonymous_12)
FN:270,(anonymous_13)
FN:292,(anonymous_14)
FN:326,(anonymous_15)
FN:343,(anonymous_16)
FN:349,(anonymous_17)
FN:357,(anonymous_18)
FN:364,(anonymous_19)
FN:403,(anonymous_20)
FN:490,(anonymous_21)
FN:517,(anonymous_22)
FN:518,(anonymous_23)
FN:537,(anonymous_24)
FN:538,(anonymous_25)
FN:562,(anonymous_26)
FN:598,(anonymous_27)
FN:613,(anonymous_28)
FNF:29
FNH:0
FNDA:0,(anonymous_0)
FNDA:0,(anonymous_1)
FNDA:0,(anonymous_2)
FNDA:0,(anonymous_3)
FNDA:0,(anonymous_4)
FNDA:0,(anonymous_5)
FNDA:0,(anonymous_6)
FNDA:0,(anonymous_7)
FNDA:0,(anonymous_8)
FNDA:0,(anonymous_9)
FNDA:0,(anonymous_10)
FNDA:0,(anonymous_11)
FNDA:0,(anonymous_12)
FNDA:0,(anonymous_13)
FNDA:0,(anonymous_14)
FNDA:0,(anonymous_15)
FNDA:0,(anonymous_16)
FNDA:0,(anonymous_17)
FNDA:0,(anonymous_18)
FNDA:0,(anonymous_19)
FNDA:0,(anonymous_20)
FNDA:0,(anonymous_21)
FNDA:0,(anonymous_22)
FNDA:0,(anonymous_23)
FNDA:0,(anonymous_24)
FNDA:0,(anonymous_25)
FNDA:0,(anonymous_26)
FNDA:0,(anonymous_27)
FNDA:0,(anonymous_28)
DA:6,2
DA:21,0
DA:36,0
DA:41,0
DA:42,0
DA:50,0
DA:52,0
DA:55,0
DA:63,0
DA:67,0
DA:70,0
DA:77,0
DA:84,0
DA:85,0
DA:90,0
DA:95,0
DA:98,0
DA:112,0
DA:117,0
DA:119,0
DA:124,0
DA:127,0
DA:133,0
DA:136,0
DA:142,0
DA:145,0
DA:152,0
DA:153,0
DA:158,0
DA:160,0
DA:164,0
DA:168,0
DA:175,0
DA:177,0
DA:178,0
DA:181,0
DA:182,0
DA:183,0
DA:184,0
DA:186,0
DA:193,0
DA:207,0
DA:208,0
DA:214,0
DA:220,0
DA:225,0
DA:228,0
DA:230,0
DA:235,0
DA:240,0
DA:245,0
DA:246,0
DA:251,0
DA:253,0
DA:257,0
DA:260,0
DA:266,0
DA:271,0
DA:276,0
DA:278,0
DA:283,0
DA:288,0
DA:294,0
DA:300,0
DA:301,0
DA:302,0
DA:304,0
DA:310,0
DA:312,0
DA:314,0
DA:319,0
DA:328,0
DA:333,0
DA:335,0
DA:336,0
DA:337,0
DA:339,0
DA:344,0
DA:345,0
DA:350,0
DA:358,0
DA:365,0
DA:367,0
DA:371,0
DA:376,0
DA:381,0
DA:386,0
DA:391,0
DA:398,0
DA:404,0
DA:406,0
DA:410,0
DA:413,0
DA:426,0
DA:428,0
DA:435,0
DA:437,0
DA:438,0
DA:440,0
DA:442,0
DA:444,0
DA:448,0
DA:449,0
DA:452,0
DA:453,0
DA:455,0
DA:457,0
DA:464,0
DA:466,0
DA:467,0
DA:469,0
DA:471,0
DA:473,0
DA:485,0
DA:490,0
DA:492,0
DA:494,0
DA:497,0
DA:499,0
DA:503,0
DA:505,0
DA:506,0
DA:508,0
DA:513,0
DA:518,0
DA:519,0
DA:528,2
DA:537,0
DA:538,0
DA:546,2
DA:548,2
DA:552,0
DA:553,0
DA:554,0
DA:556,0
DA:557,0
DA:559,0
DA:562,0
DA:565,0
DA:570,0
DA:573,0
DA:574,0
DA:576,0
DA:579,0
DA:580,0
DA:583,0
DA:586,0
DA:587,0
DA:590,0
DA:591,0
DA:592,0
DA:593,0
DA:598,2
DA:599,0
DA:602,2
DA:604,0
DA:605,0
DA:606,0
DA:607,0
DA:608,0
DA:609,0
DA:613,2
DA:614,0
LF:163
LH:7
BRDA:6,0,0,2
BRDA:6,0,1,0
BRDA:44,1,0,0
BRDA:44,1,1,0
BRDA:45,2,0,0
BRDA:45,2,1,0
BRDA:50,3,0,0
BRDA:50,3,1,0
BRDA:50,4,0,0
BRDA:50,4,1,0
BRDA:63,5,0,0
BRDA:63,5,1,0
BRDA:64,6,0,0
BRDA:64,6,1,0
BRDA:67,7,0,0
BRDA:67,7,1,0
BRDA:77,8,0,0
BRDA:77,8,1,0
BRDA:78,9,0,0
BRDA:78,9,1,0
BRDA:86,10,0,0
BRDA:86,10,1,0
BRDA:87,11,0,0
BRDA:87,11,1,0
BRDA:90,12,0,0
BRDA:90,12,1,0
BRDA:91,13,0,0
BRDA:91,13,1,0
BRDA:91,13,2,0
BRDA:95,14,0,0
BRDA:95,14,1,0
BRDA:119,15,0,0
BRDA:119,15,1,0
BRDA:120,16,0,0
BRDA:120,16,1,0
BRDA:120,16,2,0
BRDA:127,17,0,0
BRDA:127,17,1,0
BRDA:128,18,0,0
BRDA:128,18,1,0
BRDA:128,18,2,0
BRDA:128,18,3,0
BRDA:136,19,0,0
BRDA:136,19,1,0
BRDA:137,20,0,0
BRDA:137,20,1,0
BRDA:137,20,2,0
BRDA:137,20,3,0
BRDA:160,21,0,0
BRDA:160,21,1,0
BRDA:161,22,0,0
BRDA:161,22,1,0
BRDA:225,23,0,0
BRDA:225,23,1,0
BRDA:271,24,0,0
BRDA:271,24,1,0
BRDA:272,25,0,0
BRDA:272,25,1,0
BRDA:294,26,0,0
BRDA:294,26,1,0
BRDA:295,27,0,0
BRDA:295,27,1,0
BRDA:295,27,2,0
BRDA:304,28,0,0
BRDA:304,28,1,0
BRDA:305,29,0,0
BRDA:305,29,1,0
BRDA:305,29,2,0
BRDA:328,30,0,0
BRDA:328,30,1,0
BRDA:329,31,0,0
BRDA:329,31,1,0
BRDA:410,32,0,0
BRDA:410,32,1,0
BRDA:445,33,0,0
BRDA:445,33,1,0
BRDA:494,34,0,0
BRDA:494,34,1,0
BRDA:546,35,0,2
BRDA:546,35,1,0
BRDA:570,36,0,0
BRDA:570,36,1,0
BRDA:576,37,0,0
BRDA:576,37,1,0
BRDA:583,38,0,0
BRDA:583,38,1,0
BRDA:590,39,0,0
BRDA:590,39,1,0
BRF:88
BRH:2
end_of_record
TN:
SF:/Users/carl/code/knight/app/components/Zoomer/index.js
FN:6,(anonymous_0)
FNF:1
FNH:0
FNDA:0,(anonymous_0)
DA:5,2
DA:6,0
DA:16,2
LF:3
LH:2
BRDA:6,0,0,0
BRDA:6,1,0,0
BRDA:6,2,0,0
BRF:3
BRH:0
end_of_record
TN:
SF:/Users/carl/code/knight/app/config/index.js
FNF:0
FNH:0
DA:3,5
DA:11,5
DA:13,0
DA:14,0
DA:15,0
DA:16,0
DA:17,0
DA:18,0
DA:21,5
DA:22,5
DA:23,5
DA:24,5
DA:25,5
LF:13
LH:7
BRDA:11,0,0,0
BRDA:11,0,1,5
BRF:2
BRH:1
end_of_record
TN:
SF:/Users/carl/code/knight/app/ui/buttons.js
FN:5,(anonymous_0)
FN:6,(anonymous_1)
FN:8,(anonymous_2)
FN:15,(anonymous_3)
FNF:4
FNH:0
FNDA:0,(anonymous_0)
FNDA:0,(anonymous_1)
FNDA:0,(anonymous_2)
FNDA:0,(anonymous_3)
DA:4,2
DA:5,0
DA:6,0
DA:8,0
DA:15,0
LF:5
LH:1
BRDA:5,0,0,0
BRDA:5,0,1,0
BRDA:6,1,0,0
BRDA:6,1,1,0
BRDA:15,2,0,0
BRDA:15,2,1,0
BRF:6
BRH:0
end_of_record
TN:
SF:/Users/carl/code/knight/app/ui/colors.js
FNF:0
FNH:0
DA:1,4
DA:3,4
DA:5,4
DA:7,4
DA:9,4
DA:11,4
DA:13,4
DA:15,4
DA:17,4
DA:19,4
DA:21,4
DA:23,4
LF:12
LH:12
BRF:0
BRH:0
end_of_record
TN:
SF:/Users/carl/code/knight/app/ui/drawer.js
FN:6,(anonymous_0)
FN:12,(anonymous_1)
FN:13,(anonymous_2)
FN:22,(anonymous_3)
FN:23,(anonymous_4)
FN:28,(anonymous_5)
FN:29,(anonymous_6)
FN:47,(anonymous_7)
FN:78,(anonymous_8)
FN:79,(anonymous_9)
FNF:10
FNH:0
FNDA:0,(anonymous_0)
FNDA:0,(anonymous_1)
FNDA:0,(anonymous_2)
FNDA:0,(anonymous_3)
FNDA:0,(anonymous_4)
FNDA:0,(anonymous_5)
FNDA:0,(anonymous_6)
FNDA:0,(anonymous_7)
FNDA:0,(anonymous_8)
FNDA:0,(anonymous_9)
DA:4,2
DA:6,0
DA:12,0
DA:13,0
DA:19,2
DA:22,0
DA:23,0
DA:28,0
DA:29,0
DA:56,0
DA:57,0
DA:79,0
DA:80,0
LF:13
LH:2
BRDA:12,0,0,0
BRDA:12,0,1,0
BRDA:23,1,0,0
BRDA:23,1,1,0
BRF:4
BRH:0
end_of_record
TN:
SF:/Users/carl/code/knight/app/ui/fonts.js
FNF:0
FNH:0
DA:3,4
DA:5,4
DA:7,4
DA:9,4
DA:11,4
LF:5
LH:5
BRF:0
BRH:0
end_of_record
TN:
SF:/Users/carl/code/knight/app/ui/h.js
FN:3,hStyles
FN:13,(anonymous_1)
FN:18,(anonymous_2)
FN:23,(anonymous_3)
FN:28,(anonymous_4)
FNF:5
FNH:0
FNDA:0,hStyles
FNDA:0,(anonymous_1)
FNDA:0,(anonymous_2)
FNDA:0,(anonymous_3)
FNDA:0,(anonymous_4)
DA:4,0
DA:12,5
DA:13,0
DA:17,5
DA:18,0
DA:22,5
DA:23,0
DA:27,5
DA:28,0
LF:9
LH:4
BRF:0
BRH:0
end_of_record
TN:
SF:/Users/carl/code/knight/app/ui/index.js
FN:12,(anonymous_0)
FNF:1
FNH:0
FNDA:0,(anonymous_0)
DA:5,2
DA:13,0
LF:2
LH:1
BRF:0
BRH:0
end_of_record
TN:
SF:/Users/carl/code/knight/app/ui/layout.js
FNF:0
FNH:0
DA:3,4
DA:11,4
LF:2
LH:2
BRF:0
BRH:0
end_of_record
TN:
SF:/Users/carl/code/knight/app/ui/links.js
FN:5,(anonymous_0)
FN:6,(anonymous_1)
FN:9,(anonymous_2)
FN:12,(anonymous_3)
FN:17,(anonymous_4)
FN:22,(anonymous_5)
FN:33,(anonymous_6)
FNF:7
FNH:0
FNDA:0,(anonymous_0)
FNDA:0,(anonymous_1)
FNDA:0,(anonymous_2)
FNDA:0,(anonymous_3)
FNDA:0,(anonymous_4)
FNDA:0,(anonymous_5)
FNDA:0,(anonymous_6)
DA:4,2
DA:5,0
DA:6,0
DA:9,0
DA:12,0
DA:16,2
DA:17,0
DA:22,2
DA:23,0
DA:33,2
DA:34,0
LF:11
LH:4
BRF:0
BRH:0
end_of_record
TN:
SF:/Users/carl/code/knight/app/ui/menus.js
FN:17,(anonymous_0)
FN:21,(anonymous_1)
FN:25,(anonymous_2)
FNF:3
FNH:0
FNDA:0,(anonymous_0)
FNDA:0,(anonymous_1)
FNDA:0,(anonymous_2)
DA:5,2
DA:13,2
DA:17,0
DA:21,0
DA:25,2
DA:26,0
LF:6
LH:3
BRF:0
BRH:0
end_of_record
TN:
SF:/Users/carl/code/knight/app/ui/search.js
FN:6,(anonymous_0)
FN:7,(anonymous_1)
FNF:2
FNH:0
FNDA:0,(anonymous_0)
FNDA:0,(anonymous_1)
DA:3,1
DA:6,0
DA:7,0
LF:3
LH:1
BRF:0
BRH:0
end_of_record
TN:
SF:/Users/carl/code/knight/app/ui/spinner.js
FN:16,(anonymous_0)
FN:31,(anonymous_1)
FN:34,(anonymous_2)
FNF:3
FNH:3
FNDA:3,(anonymous_0)
FNDA:3,(anonymous_1)
FNDA:5,(anonymous_2)
DA:3,2
DA:13,2
DA:16,3
DA:22,2
DA:31,3
DA:34,2
DA:35,5
LF:7
LH:7
BRF:0
BRH:0
end_of_record
TN:
SF:/Users/carl/code/knight/app/ui/tabs.js
FN:16,(anonymous_0)
FN:31,(anonymous_1)
FN:44,(anonymous_2)
FN:48,(anonymous_3)
FN:57,(anonymous_4)
FN:69,(anonymous_5)
FN:87,(anonymous_6)
FN:99,(anonymous_7)
FN:112,(anonymous_8)
FN:154,(anonymous_9)
FN:157,(anonymous_10)
FN:158,(anonymous_11)
FN:160,(anonymous_12)
FN:161,(anonymous_13)
FN:166,(anonymous_14)
FNF:15
FNH:0
FNDA:0,(anonymous_0)
FNDA:0,(anonymous_1)
FNDA:0,(anonymous_2)
FNDA:0,(anonymous_3)
FNDA:0,(anonymous_4)
FNDA:0,(anonymous_5)
FNDA:0,(anonymous_6)
FNDA:0,(anonymous_7)
FNDA:0,(anonymous_8)
FNDA:0,(anonymous_9)
FNDA:0,(anonymous_10)
FNDA:0,(anonymous_11)
FNDA:0,(anonymous_12)
FNDA:0,(anonymous_13)
FNDA:0,(anonymous_14)
DA:27,0
DA:29,0
DA:31,0
DA:36,0
DA:45,0
DA:49,0
DA:65,0
DA:67,0
DA:69,0
DA:74,0
DA:95,0
DA:96,0
DA:99,0
DA:119,0
DA:121,0
DA:123,0
DA:133,1
DA:139,1
DA:148,1
DA:154,0
DA:157,0
DA:158,0
DA:160,0
DA:161,0
DA:165,1
DA:166,0
LF:26
LH:4
BRDA:121,0,0,0
BRDA:121,0,1,0
BRDA:154,1,0,0
BRDA:154,1,1,0
BRDA:157,2,0,0
BRDA:157,2,1,0
BRDA:158,3,0,0
BRDA:158,3,1,0
BRDA:166,4,0,0
BRDA:166,4,1,0
BRF:10
BRH:0
end_of_record
TN:
SF:/Users/carl/code/knight/app/ui/theme.js
FNF:0
FNH:0
DA:23,4
LF:1
LH:1
BRF:0
BRH:0
end_of_record
TN:
SF:/Users/carl/code/knight/app/ui/video.js
FN:15,(anonymous_0)
FN:27,(anonymous_1)
FN:36,(anonymous_2)
FN:42,(anonymous_3)
FN:58,(anonymous_4)
FN:71,(anonymous_5)
FNF:6
FNH:0
FNDA:0,(anonymous_0)
FNDA:0,(anonymous_1)
FNDA:0,(anonymous_2)
FNDA:0,(anonymous_3)
FNDA:0,(anonymous_4)
FNDA:0,(anonymous_5)
DA:3,1
DA:16,0
DA:17,0
DA:18,0
DA:19,0
DA:20,0
DA:30,0
DA:32,0
DA:34,0
DA:36,0
DA:48,0
DA:50,0
DA:51,0
DA:59,0
DA:60,0
DA:61,0
DA:62,0
DA:63,0
DA:64,0
DA:67,0
DA:74,0
DA:77,0
DA:78,0
DA:87,1
LF:24
LH:2
BRDA:3,0,0,1
BRDA:3,0,1,0
BRDA:17,1,0,0
BRDA:17,1,1,0
BRDA:19,2,0,0
BRDA:19,2,1,0
BRDA:32,3,0,0
BRDA:32,3,1,0
BRDA:50,4,0,0
BRDA:50,4,1,0
BRDA:59,5,0,0
BRDA:59,5,1,0
BRDA:61,6,0,0
BRDA:61,6,1,0
BRDA:63,7,0,0
BRDA:63,7,1,0
BRDA:77,8,0,0
BRDA:77,8,1,0
BRF:18
BRH:1
end_of_record
TN:
SF:/Users/carl/code/knight/app/utils/setupTests.js
FN:6,(anonymous_0)
FN:9,(anonymous_1)
FNF:2
FNH:2
FNDA:2,(anonymous_0)
FNDA:2,(anonymous_1)
DA:7,2
DA:8,2
DA:10,2
LF:3
LH:3
BRF:0
BRH:0
end_of_record
TN:
SF:/Users/carl/code/knight/app/utils/validators.js
FN:1,validateUuid
FNF:1
FNH:0
FNDA:0,validateUuid
DA:2,0
DA:7,0
DA:8,0
DA:10,0
DA:11,0
DA:14,0
DA:15,0
DA:17,0
DA:20,0
LF:9
LH:0
BRDA:7,0,0,0
BRDA:7,0,1,0
BRDA:10,1,0,0
BRDA:10,1,1,0
BRDA:14,2,0,0
BRDA:14,2,1,0
BRF:6
BRH:0
end_of_record
